<?xml version="1.0" encoding="UTF-8"?>
<testng-results skipped="0" failed="96" ignored="0" total="96" passed="0">
  <reporter-output>
    <line>
      <![CDATA[Chrome browser is launched]]>
    </line>
    <line>
      <![CDATA[Browser is maximized]]>
    </line>
    <line>
      <![CDATA[https://staging2.msitecloud.com/ is open in browser]]>
    </line>
    <line>
      <![CDATA[User Logged In successfully]]>
    </line>
    <line>
      <![CDATA[Navigate to Employee Page by clicking on Employee link]]>
    </line>
    <line>
      <![CDATA[User Logged In successfully]]>
    </line>
    <line>
      <![CDATA[Navigate to Employee Page by clicking on Employee link]]>
    </line>
    <line>
      <![CDATA[User Logged In successfully]]>
    </line>
    <line>
      <![CDATA[Navigate to Employee Page by clicking on Employee link]]>
    </line>
    <line>
      <![CDATA[User Logged In successfully]]>
    </line>
    <line>
      <![CDATA[Navigate to Employee Page by clicking on Employee link]]>
    </line>
    <line>
      <![CDATA[User Logged In successfully]]>
    </line>
    <line>
      <![CDATA[Navigate to Employee Page by clicking on Employee link]]>
    </line>
    <line>
      <![CDATA[User Logged In successfully]]>
    </line>
    <line>
      <![CDATA[User Logged In successfully]]>
    </line>
    <line>
      <![CDATA[Navigate to Employee Page by clicking on Employee link]]>
    </line>
    <line>
      <![CDATA[User Logged In successfully]]>
    </line>
    <line>
      <![CDATA[Navigate to Employee Page by clicking on Employee link]]>
    </line>
    <line>
      <![CDATA[User Logged In successfully]]>
    </line>
    <line>
      <![CDATA[Navigate to Employee Page by clicking on Employee link]]>
    </line>
    <line>
      <![CDATA[User Logged In successfully]]>
    </line>
    <line>
      <![CDATA[Navigate to Employee Page by clicking on Employee link]]>
    </line>
    <line>
      <![CDATA[User Logged In successfully]]>
    </line>
    <line>
      <![CDATA[Navigate to Employee Page by clicking on Employee link]]>
    </line>
    <line>
      <![CDATA[User Logged In successfully]]>
    </line>
    <line>
      <![CDATA[Navigate to Employee Page by clicking on Employee link]]>
    </line>
    <line>
      <![CDATA[User Logged In successfully]]>
    </line>
    <line>
      <![CDATA[Navigate to Employee Page by clicking on Employee link]]>
    </line>
    <line>
      <![CDATA[User Logged In successfully]]>
    </line>
    <line>
      <![CDATA[Navigate to Employee Page by clicking on Employee link]]>
    </line>
    <line>
      <![CDATA[User Logged In successfully]]>
    </line>
    <line>
      <![CDATA[User Logged In successfully]]>
    </line>
    <line>
      <![CDATA[Navigate to Employee Page by clicking on Employee link]]>
    </line>
    <line>
      <![CDATA[User Logged In successfully]]>
    </line>
    <line>
      <![CDATA[Navigate to Employee Page by clicking on Employee link]]>
    </line>
    <line>
      <![CDATA[User Logged In successfully]]>
    </line>
    <line>
      <![CDATA[Navigate to Employee Page by clicking on Employee link]]>
    </line>
    <line>
      <![CDATA[User Logged In successfully]]>
    </line>
    <line>
      <![CDATA[User Logged In successfully]]>
    </line>
    <line>
      <![CDATA[User Logged In successfully]]>
    </line>
    <line>
      <![CDATA[Navigate to Employee Page by clicking on Employee link]]>
    </line>
    <line>
      <![CDATA[User Logged In successfully]]>
    </line>
    <line>
      <![CDATA[Navigate to Employee Page by clicking on Employee link]]>
    </line>
    <line>
      <![CDATA[User Logged In successfully]]>
    </line>
    <line>
      <![CDATA[Navigate to Employee Page by clicking on Employee link]]>
    </line>
    <line>
      <![CDATA[User Logged In successfully]]>
    </line>
    <line>
      <![CDATA[Navigate to Employee Page by clicking on Employee link]]>
    </line>
    <line>
      <![CDATA[User Logged In successfully]]>
    </line>
    <line>
      <![CDATA[Navigate to Employee Page by clicking on Employee link]]>
    </line>
    <line>
      <![CDATA[User Logged In successfully]]>
    </line>
    <line>
      <![CDATA[Navigate to Employee Page by clicking on Employee link]]>
    </line>
    <line>
      <![CDATA[User Logged In successfully]]>
    </line>
    <line>
      <![CDATA[Navigate to Employee Page by clicking on Employee link]]>
    </line>
    <line>
      <![CDATA[User Logged In successfully]]>
    </line>
    <line>
      <![CDATA[Navigate to Employee Page by clicking on Employee link]]>
    </line>
    <line>
      <![CDATA[User Logged In successfully]]>
    </line>
    <line>
      <![CDATA[Navigate to Employee Page by clicking on Employee link]]>
    </line>
    <line>
      <![CDATA[User Logged In successfully]]>
    </line>
    <line>
      <![CDATA[Navigate to Employee Page by clicking on Employee link]]>
    </line>
    <line>
      <![CDATA[User Logged In successfully]]>
    </line>
    <line>
      <![CDATA[Navigate to Employee Page by clicking on Employee link]]>
    </line>
    <line>
      <![CDATA[User Logged In successfully]]>
    </line>
    <line>
      <![CDATA[Navigate to Employee Page by clicking on Employee link]]>
    </line>
    <line>
      <![CDATA[User Logged In successfully]]>
    </line>
    <line>
      <![CDATA[Navigate to Employee Page by clicking on Employee link]]>
    </line>
    <line>
      <![CDATA[User Logged In successfully]]>
    </line>
    <line>
      <![CDATA[Navigate to Employee Page by clicking on Employee link]]>
    </line>
    <line>
      <![CDATA[User Logged In successfully]]>
    </line>
    <line>
      <![CDATA[Navigate to Employee Page by clicking on Employee link]]>
    </line>
    <line>
      <![CDATA[Navigate to Employee Page by clicking on Employee link]]>
    </line>
    <line>
      <![CDATA[User Logged In successfully]]>
    </line>
    <line>
      <![CDATA[Navigate to Employee Page by clicking on Employee link]]>
    </line>
    <line>
      <![CDATA[User Logged In successfully]]>
    </line>
    <line>
      <![CDATA[Navigate to Employee Page by clicking on Employee link]]>
    </line>
    <line>
      <![CDATA[User Logged In successfully]]>
    </line>
    <line>
      <![CDATA[Navigate to Employee Page by clicking on Employee link]]>
    </line>
    <line>
      <![CDATA[User Logged In successfully]]>
    </line>
    <line>
      <![CDATA[Navigate to Employee Page by clicking on Employee link]]>
    </line>
    <line>
      <![CDATA[User Logged In successfully]]>
    </line>
    <line>
      <![CDATA[Navigate to Employee Page by clicking on Employee link]]>
    </line>
    <line>
      <![CDATA[User Logged In successfully]]>
    </line>
    <line>
      <![CDATA[Navigate to Employee Page by clicking on Employee link]]>
    </line>
    <line>
      <![CDATA[User Logged In successfully]]>
    </line>
    <line>
      <![CDATA[Navigate to Employee Page by clicking on Employee link]]>
    </line>
    <line>
      <![CDATA[User Logged In successfully]]>
    </line>
    <line>
      <![CDATA[Navigate to Employee Page by clicking on Employee link]]>
    </line>
    <line>
      <![CDATA[User Logged In successfully]]>
    </line>
    <line>
      <![CDATA[Navigate to Employee Page by clicking on Employee link]]>
    </line>
    <line>
      <![CDATA[Open Existing Employee]]>
    </line>
    <line>
      <![CDATA[User Logged In successfully]]>
    </line>
    <line>
      <![CDATA[Open Existing Employee]]>
    </line>
    <line>
      <![CDATA[User Logged In successfully]]>
    </line>
    <line>
      <![CDATA[Open Existing Employee]]>
    </line>
    <line>
      <![CDATA[User Logged In successfully]]>
    </line>
    <line>
      <![CDATA[Enabled Lock Contractor Setting From System Setting]]>
    </line>
    <line>
      <![CDATA[User Logged In successfully]]>
    </line>
    <line>
      <![CDATA[Disabled Lock Contractor Setting From System Setting]]>
    </line>
    <line>
      <![CDATA[User Logged In successfully]]>
    </line>
    <line>
      <![CDATA[Navigate to Employee Page by clicking on Employee link]]>
    </line>
    <line>
      <![CDATA[User Logged In successfully]]>
    </line>
    <line>
      <![CDATA[Navigate to Employee Page by clicking on Employee link]]>
    </line>
    <line>
      <![CDATA[User Logged In successfully]]>
    </line>
    <line>
      <![CDATA[Navigate to Employee Page by clicking on Employee link]]>
    </line>
    <line>
      <![CDATA[User Logged In successfully]]>
    </line>
    <line>
      <![CDATA[Navigate to Employee Page by clicking on Employee link]]>
    </line>
    <line>
      <![CDATA[User Logged In successfully]]>
    </line>
    <line>
      <![CDATA[Navigate to Employee Page by clicking on Employee link]]>
    </line>
    <line>
      <![CDATA[User Logged In successfully]]>
    </line>
    <line>
      <![CDATA[User Logged In successfully]]>
    </line>
    <line>
      <![CDATA[Navigate to Employee Page by clicking on Employee link]]>
    </line>
    <line>
      <![CDATA[User Logged In successfully]]>
    </line>
    <line>
      <![CDATA[Navigate to Employee Page by clicking on Employee link]]>
    </line>
    <line>
      <![CDATA[User Logged In successfully]]>
    </line>
    <line>
      <![CDATA[Navigate to Employee Page by clicking on Employee link]]>
    </line>
    <line>
      <![CDATA[User Logged In successfully]]>
    </line>
    <line>
      <![CDATA[Navigate to Employee Page by clicking on Employee link]]>
    </line>
    <line>
      <![CDATA[User Logged In successfully]]>
    </line>
    <line>
      <![CDATA[Navigate to Employee Page by clicking on Employee link]]>
    </line>
    <line>
      <![CDATA[User Logged In successfully]]>
    </line>
    <line>
      <![CDATA[Navigate to Employee Page by clicking on Employee link]]>
    </line>
    <line>
      <![CDATA[User Logged In successfully]]>
    </line>
    <line>
      <![CDATA[Navigate to Employee Page by clicking on Employee link]]>
    </line>
    <line>
      <![CDATA[User Logged In successfully]]>
    </line>
    <line>
      <![CDATA[Navigate to Employee Page by clicking on Employee link]]>
    </line>
    <line>
      <![CDATA[Navigate to Employee Page by clicking on Employee link]]>
    </line>
    <line>
      <![CDATA[User Logged In successfully]]>
    </line>
    <line>
      <![CDATA[Navigate to Employee Page by clicking on Employee link]]>
    </line>
    <line>
      <![CDATA[User Logged In successfully]]>
    </line>
    <line>
      <![CDATA[Navigate to Employee Page by clicking on Employee link]]>
    </line>
    <line>
      <![CDATA[User Logged In successfully]]>
    </line>
    <line>
      <![CDATA[Navigate to Employee Page by clicking on Employee link]]>
    </line>
    <line>
      <![CDATA[User Logged In successfully]]>
    </line>
    <line>
      <![CDATA[Navigate to Employee Page by clicking on Employee link]]>
    </line>
    <line>
      <![CDATA[User Logged In successfully]]>
    </line>
    <line>
      <![CDATA[Navigate to Employee Page by clicking on Employee link]]>
    </line>
    <line>
      <![CDATA[User Logged In successfully]]>
    </line>
    <line>
      <![CDATA[Navigate to Employee Page by clicking on Employee link]]>
    </line>
    <line>
      <![CDATA[User Logged In successfully]]>
    </line>
    <line>
      <![CDATA[Navigate to Employee Page by clicking on Employee link]]>
    </line>
    <line>
      <![CDATA[User Logged In successfully]]>
    </line>
    <line>
      <![CDATA[Navigate to Employee Page by clicking on Employee link]]>
    </line>
    <line>
      <![CDATA[User Logged In successfully]]>
    </line>
    <line>
      <![CDATA[Navigate to Employee Page by clicking on Employee link]]>
    </line>
    <line>
      <![CDATA[User Logged In successfully]]>
    </line>
    <line>
      <![CDATA[Navigate to Employee Page by clicking on Employee link]]>
    </line>
    <line>
      <![CDATA[User Logged In successfully]]>
    </line>
    <line>
      <![CDATA[Navigate to Employee Page by clicking on Employee link]]>
    </line>
    <line>
      <![CDATA[User Logged In successfully]]>
    </line>
    <line>
      <![CDATA[Navigate to Employee Page by clicking on Employee link]]>
    </line>
    <line>
      <![CDATA[User Logged In successfully]]>
    </line>
    <line>
      <![CDATA[Navigate to Employee Page by clicking on Employee link]]>
    </line>
    <line>
      <![CDATA[User Logged In successfully]]>
    </line>
    <line>
      <![CDATA[Navigate to Employee Page by clicking on Employee link]]>
    </line>
    <line>
      <![CDATA[User Logged In successfully]]>
    </line>
    <line>
      <![CDATA[Navigate to Employee Page by clicking on Employee link]]>
    </line>
    <line>
      <![CDATA[User Logged In successfully]]>
    </line>
    <line>
      <![CDATA[Getting Existing Contractor Name from Contractor List]]>
    </line>
    <line>
      <![CDATA[Disable Data Protection from Setting and Verifying absence of Data Protection Column in View Progress Search Result]]>
    </line>
    <line>
      <![CDATA[User Logged In successfully]]>
    </line>
    <line>
      <![CDATA[Getting Existing Contractor Name from Contractor List]]>
    </line>
    <line>
      <![CDATA[Enable Data Protection from Setting and Verifying Presence of Data Protection Column in View Progress Search Result]]>
    </line>
    <line>
      <![CDATA[User Logged In successfully]]>
    </line>
    <line>
      <![CDATA[Getting Existing Contractor Name from Contractor List]]>
    </line>
    <line>
      <![CDATA[Opening Data Protrction for You Course and Unublish it]]>
    </line>
    <line>
      <![CDATA[User Logged In successfully]]>
    </line>
    <line>
      <![CDATA[Getting Existing Contractor Name from Contractor List]]>
    </line>
    <line>
      <![CDATA[Opening Data Protrction for You Course and Publish it]]>
    </line>
    <line>
      <![CDATA[User Logged In successfully]]>
    </line>
    <line>
      <![CDATA[Navigate to Employee Page by clicking on Employee link]]>
    </line>
    <line>
      <![CDATA[User Logged In successfully]]>
    </line>
    <line>
      <![CDATA[Navigate to Employee Page by clicking on Employee link]]>
    </line>
    <line>
      <![CDATA[User Logged In successfully]]>
    </line>
    <line>
      <![CDATA[Getting Existing Contractor from Contractor List]]>
    </line>
    <line>
      <![CDATA[Navigate to Employee Page by clicking on Employee link]]>
    </line>
    <line>
      <![CDATA[User Logged In successfully]]>
    </line>
    <line>
      <![CDATA[Disabled medical Condition fr employee in Dsetting and verifying Absence of medical section in Employee Page]]>
    </line>
    <line>
      <![CDATA[User Logged In successfully]]>
    </line>
    <line>
      <![CDATA[Enable Employee Medical condition setting from System Setting and Check visibility in Employee ]]>
    </line>
    <line>
      <![CDATA[User Logged In successfully]]>
    </line>
    <line>
      <![CDATA[Edit Medical Condition and verify updated Medical Condition in Employee Page]]>
    </line>
    <line>
      <![CDATA[User Logged In successfully]]>
    </line>
    <line>
      <![CDATA[Delete Medical Condition from Medical Condition Section Successfully]]>
    </line>
    <line>
      <![CDATA[User Logged In successfully]]>
    </line>
    <line>
      <![CDATA[Navigate to Employee Page by clicking on Employee link]]>
    </line>
    <line>
      <![CDATA[User Logged In successfully]]>
    </line>
    <line>
      <![CDATA[Navigate to Employee Page by clicking on Employee link]]>
    </line>
    <line>
      <![CDATA[User Logged In successfully]]>
    </line>
    <line>
      <![CDATA[Navigate to Employee Page by clicking on Employee link]]>
    </line>
    <line>
      <![CDATA[User Logged In successfully]]>
    </line>
    <line>
      <![CDATA[Navigate to Employee Page by clicking on Employee link]]>
    </line>
    <line>
      <![CDATA[User Logged In successfully]]>
    </line>
    <line>
      <![CDATA[Navigate to Employee Page by clicking on Employee link]]>
    </line>
    <line>
      <![CDATA[User Logged In successfully]]>
    </line>
    <line>
      <![CDATA[Navigate to Employee Page by clicking on Employee link]]>
    </line>
  </reporter-output>
  <suite name="MSite" duration-ms="16153" started-at="2019-11-12T15:22:04Z" finished-at="2019-11-12T15:22:20Z">
    <groups>
    </groups>
    <test name="EmployeesPageTest" duration-ms="16153" started-at="2019-11-12T15:22:04Z" finished-at="2019-11-12T15:22:20Z">
      <class name="com.Msite.TestScripts.EmployeesPageTest">
        <test-method status="PASS" signature="setUp(java.lang.String)[pri:0, instance:com.Msite.TestScripts.EmployeesPageTest@f6c48ac]" name="setUp" is-config="true" duration-ms="11290" started-at="2019-11-12T15:22:04Z" finished-at="2019-11-12T15:22:15Z">
          <params>
            <param index="0">
              <value>
                <![CDATA[chrome]]>
              </value>
            </param>
          </params>
          <reporter-output>
            <line>
              <![CDATA[Chrome browser is launched]]>
            </line>
            <line>
              <![CDATA[Browser is maximized]]>
            </line>
            <line>
              <![CDATA[https://staging2.msitecloud.com/ is open in browser]]>
            </line>
          </reporter-output>
        </test-method> <!-- setUp -->
        <test-method status="FAIL" signature="employees_OpenEmployees()[pri:1, instance:com.Msite.TestScripts.EmployeesPageTest@f6c48ac]" name="employees_OpenEmployees" duration-ms="185" started-at="2019-11-12T15:22:15Z" finished-at="2019-11-12T15:22:15Z">
          <exception class="org.openqa.selenium.NoSuchElementException">
            <message>
              <![CDATA[no such element: Unable to locate element: {"method":"xpath","selector":"//div[@class='collapse navbar-collapse bs-navbar-collapse no-padding text-center']//a[contains(text(),'Employees')]"}
  (Session info: chrome=78.0.3904.97)
For documentation on this error, please visit: https://www.seleniumhq.org/exceptions/no_such_element.html
Build info: version: '3.141.59', revision: 'e82be7d358', time: '2018-11-14T08:17:03'
System info: host: 'DESKTOP-CS50U47', ip: '127.0.0.1', os.name: 'Windows 10', os.arch: 'amd64', os.version: '10.0', java.version: '1.8.0_211'
Driver info: org.openqa.selenium.chrome.ChromeDriver
Capabilities {acceptInsecureCerts: false, browserName: chrome, browserVersion: 78.0.3904.97, chrome: {chromedriverVersion: 77.0.3865.40 (f484704e052e0..., userDataDir: C:\Users\ADMIN\AppData\Loca...}, goog:chromeOptions: {debuggerAddress: localhost:53256}, javascriptEnabled: true, networkConnectionEnabled: false, pageLoadStrategy: normal, platform: XP, platformName: XP, proxy: Proxy(), setWindowRect: true, strictFileInteractability: false, timeouts: {implicit: 0, pageLoad: 300000, script: 30000}, unhandledPromptBehavior: dismiss and notify}
Session ID: 94cacb4ebbdc23b2dd62f941eda02dc0
*** Element info: {Using=xpath, value=//div[@class='collapse navbar-collapse bs-navbar-collapse no-padding text-center']//a[contains(text(),'Employees')]}]]>
            </message>
            <full-stacktrace>
              <![CDATA[org.openqa.selenium.NoSuchElementException: no such element: Unable to locate element: {"method":"xpath","selector":"//div[@class='collapse navbar-collapse bs-navbar-collapse no-padding text-center']//a[contains(text(),'Employees')]"}
  (Session info: chrome=78.0.3904.97)
For documentation on this error, please visit: https://www.seleniumhq.org/exceptions/no_such_element.html
Build info: version: '3.141.59', revision: 'e82be7d358', time: '2018-11-14T08:17:03'
System info: host: 'DESKTOP-CS50U47', ip: '127.0.0.1', os.name: 'Windows 10', os.arch: 'amd64', os.version: '10.0', java.version: '1.8.0_211'
Driver info: org.openqa.selenium.chrome.ChromeDriver
Capabilities {acceptInsecureCerts: false, browserName: chrome, browserVersion: 78.0.3904.97, chrome: {chromedriverVersion: 77.0.3865.40 (f484704e052e0..., userDataDir: C:\Users\ADMIN\AppData\Loca...}, goog:chromeOptions: {debuggerAddress: localhost:53256}, javascriptEnabled: true, networkConnectionEnabled: false, pageLoadStrategy: normal, platform: XP, platformName: XP, proxy: Proxy(), setWindowRect: true, strictFileInteractability: false, timeouts: {implicit: 0, pageLoad: 300000, script: 30000}, unhandledPromptBehavior: dismiss and notify}
Session ID: 94cacb4ebbdc23b2dd62f941eda02dc0
*** Element info: {Using=xpath, value=//div[@class='collapse navbar-collapse bs-navbar-collapse no-padding text-center']//a[contains(text(),'Employees')]}
at sun.reflect.NativeConstructorAccessorImpl.newInstance0(Native Method)
at sun.reflect.NativeConstructorAccessorImpl.newInstance(NativeConstructorAccessorImpl.java:62)
at sun.reflect.DelegatingConstructorAccessorImpl.newInstance(DelegatingConstructorAccessorImpl.java:45)
at java.lang.reflect.Constructor.newInstance(Constructor.java:423)
at org.openqa.selenium.remote.http.W3CHttpResponseCodec.createException(W3CHttpResponseCodec.java:187)
at org.openqa.selenium.remote.http.W3CHttpResponseCodec.decode(W3CHttpResponseCodec.java:122)
at org.openqa.selenium.remote.http.W3CHttpResponseCodec.decode(W3CHttpResponseCodec.java:49)
at org.openqa.selenium.remote.HttpCommandExecutor.execute(HttpCommandExecutor.java:158)
at org.openqa.selenium.remote.service.DriverCommandExecutor.execute(DriverCommandExecutor.java:83)
at org.openqa.selenium.remote.RemoteWebDriver.execute(RemoteWebDriver.java:552)
at org.openqa.selenium.remote.RemoteWebDriver.findElement(RemoteWebDriver.java:323)
at org.openqa.selenium.remote.RemoteWebDriver.findElementByXPath(RemoteWebDriver.java:428)
at org.openqa.selenium.By$ByXPath.findElement(By.java:353)
at org.openqa.selenium.remote.RemoteWebDriver.findElement(RemoteWebDriver.java:315)
at org.openqa.selenium.support.pagefactory.DefaultElementLocator.findElement(DefaultElementLocator.java:69)
at org.openqa.selenium.support.pagefactory.internal.LocatingElementHandler.invoke(LocatingElementHandler.java:38)
at com.sun.proxy.$Proxy10.click(Unknown Source)
at com.Msite.Pages.EmployeesPage.openEmployees(EmployeesPage.java:168)
at com.Msite.TestScripts.EmployeesPageTest.employees_OpenEmployees(EmployeesPageTest.java:38)
at sun.reflect.NativeMethodAccessorImpl.invoke0(Native Method)
at sun.reflect.NativeMethodAccessorImpl.invoke(NativeMethodAccessorImpl.java:62)
at sun.reflect.DelegatingMethodAccessorImpl.invoke(DelegatingMethodAccessorImpl.java:43)
at java.lang.reflect.Method.invoke(Method.java:498)
at org.testng.internal.MethodInvocationHelper.invokeMethod(MethodInvocationHelper.java:124)
at org.testng.internal.Invoker.invokeMethod(Invoker.java:583)
at org.testng.internal.Invoker.invokeTestMethod(Invoker.java:719)
at org.testng.internal.Invoker.invokeTestMethods(Invoker.java:989)
at org.testng.internal.TestMethodWorker.invokeTestMethods(TestMethodWorker.java:125)
at org.testng.internal.TestMethodWorker.run(TestMethodWorker.java:109)
at org.testng.TestRunner.privateRun(TestRunner.java:648)
at org.testng.TestRunner.run(TestRunner.java:505)
at org.testng.SuiteRunner.runTest(SuiteRunner.java:455)
at org.testng.SuiteRunner.runSequentially(SuiteRunner.java:450)
at org.testng.SuiteRunner.privateRun(SuiteRunner.java:415)
at org.testng.SuiteRunner.run(SuiteRunner.java:364)
at org.testng.SuiteRunnerWorker.runSuite(SuiteRunnerWorker.java:52)
at org.testng.SuiteRunnerWorker.run(SuiteRunnerWorker.java:84)
at org.testng.TestNG.runSuitesSequentially(TestNG.java:1208)
at org.testng.TestNG.runSuitesLocally(TestNG.java:1137)
at org.testng.TestNG.runSuites(TestNG.java:1049)
at org.testng.TestNG.run(TestNG.java:1017)
at org.testng.remote.AbstractRemoteTestNG.run(AbstractRemoteTestNG.java:115)
at org.testng.remote.RemoteTestNG.initAndRun(RemoteTestNG.java:251)
at org.testng.remote.RemoteTestNG.main(RemoteTestNG.java:77)
]]>
            </full-stacktrace>
          </exception> <!-- org.openqa.selenium.NoSuchElementException -->
          <reporter-output>
            <line>
              <![CDATA[User Logged In successfully]]>
            </line>
            <line>
              <![CDATA[Navigate to Employee Page by clicking on Employee link]]>
            </line>
          </reporter-output>
        </test-method> <!-- employees_OpenEmployees -->
        <test-method status="FAIL" signature="employees_ReviewEmployee_And_VerifyEachAvailableElement()[pri:2, instance:com.Msite.TestScripts.EmployeesPageTest@f6c48ac]" name="employees_ReviewEmployee_And_VerifyEachAvailableElement" duration-ms="55" started-at="2019-11-12T15:22:15Z" finished-at="2019-11-12T15:22:15Z">
          <exception class="org.openqa.selenium.NoSuchElementException">
            <message>
              <![CDATA[no such element: Unable to locate element: {"method":"xpath","selector":"//div[@class='collapse navbar-collapse bs-navbar-collapse no-padding text-center']//a[contains(text(),'Employees')]"}
  (Session info: chrome=78.0.3904.97)
For documentation on this error, please visit: https://www.seleniumhq.org/exceptions/no_such_element.html
Build info: version: '3.141.59', revision: 'e82be7d358', time: '2018-11-14T08:17:03'
System info: host: 'DESKTOP-CS50U47', ip: '127.0.0.1', os.name: 'Windows 10', os.arch: 'amd64', os.version: '10.0', java.version: '1.8.0_211'
Driver info: org.openqa.selenium.chrome.ChromeDriver
Capabilities {acceptInsecureCerts: false, browserName: chrome, browserVersion: 78.0.3904.97, chrome: {chromedriverVersion: 77.0.3865.40 (f484704e052e0..., userDataDir: C:\Users\ADMIN\AppData\Loca...}, goog:chromeOptions: {debuggerAddress: localhost:53256}, javascriptEnabled: true, networkConnectionEnabled: false, pageLoadStrategy: normal, platform: XP, platformName: XP, proxy: Proxy(), setWindowRect: true, strictFileInteractability: false, timeouts: {implicit: 0, pageLoad: 300000, script: 30000}, unhandledPromptBehavior: dismiss and notify}
Session ID: 94cacb4ebbdc23b2dd62f941eda02dc0
*** Element info: {Using=xpath, value=//div[@class='collapse navbar-collapse bs-navbar-collapse no-padding text-center']//a[contains(text(),'Employees')]}]]>
            </message>
            <full-stacktrace>
              <![CDATA[org.openqa.selenium.NoSuchElementException: no such element: Unable to locate element: {"method":"xpath","selector":"//div[@class='collapse navbar-collapse bs-navbar-collapse no-padding text-center']//a[contains(text(),'Employees')]"}
  (Session info: chrome=78.0.3904.97)
For documentation on this error, please visit: https://www.seleniumhq.org/exceptions/no_such_element.html
Build info: version: '3.141.59', revision: 'e82be7d358', time: '2018-11-14T08:17:03'
System info: host: 'DESKTOP-CS50U47', ip: '127.0.0.1', os.name: 'Windows 10', os.arch: 'amd64', os.version: '10.0', java.version: '1.8.0_211'
Driver info: org.openqa.selenium.chrome.ChromeDriver
Capabilities {acceptInsecureCerts: false, browserName: chrome, browserVersion: 78.0.3904.97, chrome: {chromedriverVersion: 77.0.3865.40 (f484704e052e0..., userDataDir: C:\Users\ADMIN\AppData\Loca...}, goog:chromeOptions: {debuggerAddress: localhost:53256}, javascriptEnabled: true, networkConnectionEnabled: false, pageLoadStrategy: normal, platform: XP, platformName: XP, proxy: Proxy(), setWindowRect: true, strictFileInteractability: false, timeouts: {implicit: 0, pageLoad: 300000, script: 30000}, unhandledPromptBehavior: dismiss and notify}
Session ID: 94cacb4ebbdc23b2dd62f941eda02dc0
*** Element info: {Using=xpath, value=//div[@class='collapse navbar-collapse bs-navbar-collapse no-padding text-center']//a[contains(text(),'Employees')]}
at sun.reflect.NativeConstructorAccessorImpl.newInstance0(Native Method)
at sun.reflect.NativeConstructorAccessorImpl.newInstance(NativeConstructorAccessorImpl.java:62)
at sun.reflect.DelegatingConstructorAccessorImpl.newInstance(DelegatingConstructorAccessorImpl.java:45)
at java.lang.reflect.Constructor.newInstance(Constructor.java:423)
at org.openqa.selenium.remote.http.W3CHttpResponseCodec.createException(W3CHttpResponseCodec.java:187)
at org.openqa.selenium.remote.http.W3CHttpResponseCodec.decode(W3CHttpResponseCodec.java:122)
at org.openqa.selenium.remote.http.W3CHttpResponseCodec.decode(W3CHttpResponseCodec.java:49)
at org.openqa.selenium.remote.HttpCommandExecutor.execute(HttpCommandExecutor.java:158)
at org.openqa.selenium.remote.service.DriverCommandExecutor.execute(DriverCommandExecutor.java:83)
at org.openqa.selenium.remote.RemoteWebDriver.execute(RemoteWebDriver.java:552)
at org.openqa.selenium.remote.RemoteWebDriver.findElement(RemoteWebDriver.java:323)
at org.openqa.selenium.remote.RemoteWebDriver.findElementByXPath(RemoteWebDriver.java:428)
at org.openqa.selenium.By$ByXPath.findElement(By.java:353)
at org.openqa.selenium.remote.RemoteWebDriver.findElement(RemoteWebDriver.java:315)
at org.openqa.selenium.support.pagefactory.DefaultElementLocator.findElement(DefaultElementLocator.java:69)
at org.openqa.selenium.support.pagefactory.internal.LocatingElementHandler.invoke(LocatingElementHandler.java:38)
at com.sun.proxy.$Proxy10.click(Unknown Source)
at com.Msite.Pages.EmployeesPage.openEmployees(EmployeesPage.java:168)
at com.Msite.TestScripts.EmployeesPageTest.employees_ReviewEmployee_And_VerifyEachAvailableElement(EmployeesPageTest.java:51)
at sun.reflect.NativeMethodAccessorImpl.invoke0(Native Method)
at sun.reflect.NativeMethodAccessorImpl.invoke(NativeMethodAccessorImpl.java:62)
at sun.reflect.DelegatingMethodAccessorImpl.invoke(DelegatingMethodAccessorImpl.java:43)
at java.lang.reflect.Method.invoke(Method.java:498)
at org.testng.internal.MethodInvocationHelper.invokeMethod(MethodInvocationHelper.java:124)
at org.testng.internal.Invoker.invokeMethod(Invoker.java:583)
at org.testng.internal.Invoker.invokeTestMethod(Invoker.java:719)
at org.testng.internal.Invoker.invokeTestMethods(Invoker.java:989)
at org.testng.internal.TestMethodWorker.invokeTestMethods(TestMethodWorker.java:125)
at org.testng.internal.TestMethodWorker.run(TestMethodWorker.java:109)
at org.testng.TestRunner.privateRun(TestRunner.java:648)
at org.testng.TestRunner.run(TestRunner.java:505)
at org.testng.SuiteRunner.runTest(SuiteRunner.java:455)
at org.testng.SuiteRunner.runSequentially(SuiteRunner.java:450)
at org.testng.SuiteRunner.privateRun(SuiteRunner.java:415)
at org.testng.SuiteRunner.run(SuiteRunner.java:364)
at org.testng.SuiteRunnerWorker.runSuite(SuiteRunnerWorker.java:52)
at org.testng.SuiteRunnerWorker.run(SuiteRunnerWorker.java:84)
at org.testng.TestNG.runSuitesSequentially(TestNG.java:1208)
at org.testng.TestNG.runSuitesLocally(TestNG.java:1137)
at org.testng.TestNG.runSuites(TestNG.java:1049)
at org.testng.TestNG.run(TestNG.java:1017)
at org.testng.remote.AbstractRemoteTestNG.run(AbstractRemoteTestNG.java:115)
at org.testng.remote.RemoteTestNG.initAndRun(RemoteTestNG.java:251)
at org.testng.remote.RemoteTestNG.main(RemoteTestNG.java:77)
]]>
            </full-stacktrace>
          </exception> <!-- org.openqa.selenium.NoSuchElementException -->
          <reporter-output>
            <line>
              <![CDATA[User Logged In successfully]]>
            </line>
            <line>
              <![CDATA[Navigate to Employee Page by clicking on Employee link]]>
            </line>
          </reporter-output>
        </test-method> <!-- employees_ReviewEmployee_And_VerifyEachAvailableElement -->
        <test-method status="FAIL" signature="employee_Open_Emplyoee_InEmployeeStatusSummaryContainer()[pri:3, instance:com.Msite.TestScripts.EmployeesPageTest@f6c48ac]" name="employee_Open_Emplyoee_InEmployeeStatusSummaryContainer" duration-ms="60" started-at="2019-11-12T15:22:15Z" finished-at="2019-11-12T15:22:16Z">
          <exception class="org.openqa.selenium.NoSuchElementException">
            <message>
              <![CDATA[no such element: Unable to locate element: {"method":"xpath","selector":"//div[@class='collapse navbar-collapse bs-navbar-collapse no-padding text-center']//a[contains(text(),'Employees')]"}
  (Session info: chrome=78.0.3904.97)
For documentation on this error, please visit: https://www.seleniumhq.org/exceptions/no_such_element.html
Build info: version: '3.141.59', revision: 'e82be7d358', time: '2018-11-14T08:17:03'
System info: host: 'DESKTOP-CS50U47', ip: '127.0.0.1', os.name: 'Windows 10', os.arch: 'amd64', os.version: '10.0', java.version: '1.8.0_211'
Driver info: org.openqa.selenium.chrome.ChromeDriver
Capabilities {acceptInsecureCerts: false, browserName: chrome, browserVersion: 78.0.3904.97, chrome: {chromedriverVersion: 77.0.3865.40 (f484704e052e0..., userDataDir: C:\Users\ADMIN\AppData\Loca...}, goog:chromeOptions: {debuggerAddress: localhost:53256}, javascriptEnabled: true, networkConnectionEnabled: false, pageLoadStrategy: normal, platform: XP, platformName: XP, proxy: Proxy(), setWindowRect: true, strictFileInteractability: false, timeouts: {implicit: 0, pageLoad: 300000, script: 30000}, unhandledPromptBehavior: dismiss and notify}
Session ID: 94cacb4ebbdc23b2dd62f941eda02dc0
*** Element info: {Using=xpath, value=//div[@class='collapse navbar-collapse bs-navbar-collapse no-padding text-center']//a[contains(text(),'Employees')]}]]>
            </message>
            <full-stacktrace>
              <![CDATA[org.openqa.selenium.NoSuchElementException: no such element: Unable to locate element: {"method":"xpath","selector":"//div[@class='collapse navbar-collapse bs-navbar-collapse no-padding text-center']//a[contains(text(),'Employees')]"}
  (Session info: chrome=78.0.3904.97)
For documentation on this error, please visit: https://www.seleniumhq.org/exceptions/no_such_element.html
Build info: version: '3.141.59', revision: 'e82be7d358', time: '2018-11-14T08:17:03'
System info: host: 'DESKTOP-CS50U47', ip: '127.0.0.1', os.name: 'Windows 10', os.arch: 'amd64', os.version: '10.0', java.version: '1.8.0_211'
Driver info: org.openqa.selenium.chrome.ChromeDriver
Capabilities {acceptInsecureCerts: false, browserName: chrome, browserVersion: 78.0.3904.97, chrome: {chromedriverVersion: 77.0.3865.40 (f484704e052e0..., userDataDir: C:\Users\ADMIN\AppData\Loca...}, goog:chromeOptions: {debuggerAddress: localhost:53256}, javascriptEnabled: true, networkConnectionEnabled: false, pageLoadStrategy: normal, platform: XP, platformName: XP, proxy: Proxy(), setWindowRect: true, strictFileInteractability: false, timeouts: {implicit: 0, pageLoad: 300000, script: 30000}, unhandledPromptBehavior: dismiss and notify}
Session ID: 94cacb4ebbdc23b2dd62f941eda02dc0
*** Element info: {Using=xpath, value=//div[@class='collapse navbar-collapse bs-navbar-collapse no-padding text-center']//a[contains(text(),'Employees')]}
at sun.reflect.NativeConstructorAccessorImpl.newInstance0(Native Method)
at sun.reflect.NativeConstructorAccessorImpl.newInstance(NativeConstructorAccessorImpl.java:62)
at sun.reflect.DelegatingConstructorAccessorImpl.newInstance(DelegatingConstructorAccessorImpl.java:45)
at java.lang.reflect.Constructor.newInstance(Constructor.java:423)
at org.openqa.selenium.remote.http.W3CHttpResponseCodec.createException(W3CHttpResponseCodec.java:187)
at org.openqa.selenium.remote.http.W3CHttpResponseCodec.decode(W3CHttpResponseCodec.java:122)
at org.openqa.selenium.remote.http.W3CHttpResponseCodec.decode(W3CHttpResponseCodec.java:49)
at org.openqa.selenium.remote.HttpCommandExecutor.execute(HttpCommandExecutor.java:158)
at org.openqa.selenium.remote.service.DriverCommandExecutor.execute(DriverCommandExecutor.java:83)
at org.openqa.selenium.remote.RemoteWebDriver.execute(RemoteWebDriver.java:552)
at org.openqa.selenium.remote.RemoteWebDriver.findElement(RemoteWebDriver.java:323)
at org.openqa.selenium.remote.RemoteWebDriver.findElementByXPath(RemoteWebDriver.java:428)
at org.openqa.selenium.By$ByXPath.findElement(By.java:353)
at org.openqa.selenium.remote.RemoteWebDriver.findElement(RemoteWebDriver.java:315)
at org.openqa.selenium.support.pagefactory.DefaultElementLocator.findElement(DefaultElementLocator.java:69)
at org.openqa.selenium.support.pagefactory.internal.LocatingElementHandler.invoke(LocatingElementHandler.java:38)
at com.sun.proxy.$Proxy10.click(Unknown Source)
at com.Msite.Pages.EmployeesPage.openEmployees(EmployeesPage.java:168)
at com.Msite.TestScripts.EmployeesPageTest.employee_Open_Emplyoee_InEmployeeStatusSummaryContainer(EmployeesPageTest.java:64)
at sun.reflect.NativeMethodAccessorImpl.invoke0(Native Method)
at sun.reflect.NativeMethodAccessorImpl.invoke(NativeMethodAccessorImpl.java:62)
at sun.reflect.DelegatingMethodAccessorImpl.invoke(DelegatingMethodAccessorImpl.java:43)
at java.lang.reflect.Method.invoke(Method.java:498)
at org.testng.internal.MethodInvocationHelper.invokeMethod(MethodInvocationHelper.java:124)
at org.testng.internal.Invoker.invokeMethod(Invoker.java:583)
at org.testng.internal.Invoker.invokeTestMethod(Invoker.java:719)
at org.testng.internal.Invoker.invokeTestMethods(Invoker.java:989)
at org.testng.internal.TestMethodWorker.invokeTestMethods(TestMethodWorker.java:125)
at org.testng.internal.TestMethodWorker.run(TestMethodWorker.java:109)
at org.testng.TestRunner.privateRun(TestRunner.java:648)
at org.testng.TestRunner.run(TestRunner.java:505)
at org.testng.SuiteRunner.runTest(SuiteRunner.java:455)
at org.testng.SuiteRunner.runSequentially(SuiteRunner.java:450)
at org.testng.SuiteRunner.privateRun(SuiteRunner.java:415)
at org.testng.SuiteRunner.run(SuiteRunner.java:364)
at org.testng.SuiteRunnerWorker.runSuite(SuiteRunnerWorker.java:52)
at org.testng.SuiteRunnerWorker.run(SuiteRunnerWorker.java:84)
at org.testng.TestNG.runSuitesSequentially(TestNG.java:1208)
at org.testng.TestNG.runSuitesLocally(TestNG.java:1137)
at org.testng.TestNG.runSuites(TestNG.java:1049)
at org.testng.TestNG.run(TestNG.java:1017)
at org.testng.remote.AbstractRemoteTestNG.run(AbstractRemoteTestNG.java:115)
at org.testng.remote.RemoteTestNG.initAndRun(RemoteTestNG.java:251)
at org.testng.remote.RemoteTestNG.main(RemoteTestNG.java:77)
]]>
            </full-stacktrace>
          </exception> <!-- org.openqa.selenium.NoSuchElementException -->
          <reporter-output>
            <line>
              <![CDATA[User Logged In successfully]]>
            </line>
            <line>
              <![CDATA[Navigate to Employee Page by clicking on Employee link]]>
            </line>
          </reporter-output>
        </test-method> <!-- employee_Open_Emplyoee_InEmployeeStatusSummaryContainer -->
        <test-method status="FAIL" signature="employee_Open_TrainingException_InEmployeeStatusSummaryContainer()[pri:4, instance:com.Msite.TestScripts.EmployeesPageTest@f6c48ac]" name="employee_Open_TrainingException_InEmployeeStatusSummaryContainer" duration-ms="33" started-at="2019-11-12T15:22:16Z" finished-at="2019-11-12T15:22:16Z">
          <exception class="org.openqa.selenium.NoSuchElementException">
            <message>
              <![CDATA[no such element: Unable to locate element: {"method":"xpath","selector":"//div[@class='collapse navbar-collapse bs-navbar-collapse no-padding text-center']//a[contains(text(),'Employees')]"}
  (Session info: chrome=78.0.3904.97)
For documentation on this error, please visit: https://www.seleniumhq.org/exceptions/no_such_element.html
Build info: version: '3.141.59', revision: 'e82be7d358', time: '2018-11-14T08:17:03'
System info: host: 'DESKTOP-CS50U47', ip: '127.0.0.1', os.name: 'Windows 10', os.arch: 'amd64', os.version: '10.0', java.version: '1.8.0_211'
Driver info: org.openqa.selenium.chrome.ChromeDriver
Capabilities {acceptInsecureCerts: false, browserName: chrome, browserVersion: 78.0.3904.97, chrome: {chromedriverVersion: 77.0.3865.40 (f484704e052e0..., userDataDir: C:\Users\ADMIN\AppData\Loca...}, goog:chromeOptions: {debuggerAddress: localhost:53256}, javascriptEnabled: true, networkConnectionEnabled: false, pageLoadStrategy: normal, platform: XP, platformName: XP, proxy: Proxy(), setWindowRect: true, strictFileInteractability: false, timeouts: {implicit: 0, pageLoad: 300000, script: 30000}, unhandledPromptBehavior: dismiss and notify}
Session ID: 94cacb4ebbdc23b2dd62f941eda02dc0
*** Element info: {Using=xpath, value=//div[@class='collapse navbar-collapse bs-navbar-collapse no-padding text-center']//a[contains(text(),'Employees')]}]]>
            </message>
            <full-stacktrace>
              <![CDATA[org.openqa.selenium.NoSuchElementException: no such element: Unable to locate element: {"method":"xpath","selector":"//div[@class='collapse navbar-collapse bs-navbar-collapse no-padding text-center']//a[contains(text(),'Employees')]"}
  (Session info: chrome=78.0.3904.97)
For documentation on this error, please visit: https://www.seleniumhq.org/exceptions/no_such_element.html
Build info: version: '3.141.59', revision: 'e82be7d358', time: '2018-11-14T08:17:03'
System info: host: 'DESKTOP-CS50U47', ip: '127.0.0.1', os.name: 'Windows 10', os.arch: 'amd64', os.version: '10.0', java.version: '1.8.0_211'
Driver info: org.openqa.selenium.chrome.ChromeDriver
Capabilities {acceptInsecureCerts: false, browserName: chrome, browserVersion: 78.0.3904.97, chrome: {chromedriverVersion: 77.0.3865.40 (f484704e052e0..., userDataDir: C:\Users\ADMIN\AppData\Loca...}, goog:chromeOptions: {debuggerAddress: localhost:53256}, javascriptEnabled: true, networkConnectionEnabled: false, pageLoadStrategy: normal, platform: XP, platformName: XP, proxy: Proxy(), setWindowRect: true, strictFileInteractability: false, timeouts: {implicit: 0, pageLoad: 300000, script: 30000}, unhandledPromptBehavior: dismiss and notify}
Session ID: 94cacb4ebbdc23b2dd62f941eda02dc0
*** Element info: {Using=xpath, value=//div[@class='collapse navbar-collapse bs-navbar-collapse no-padding text-center']//a[contains(text(),'Employees')]}
at sun.reflect.NativeConstructorAccessorImpl.newInstance0(Native Method)
at sun.reflect.NativeConstructorAccessorImpl.newInstance(NativeConstructorAccessorImpl.java:62)
at sun.reflect.DelegatingConstructorAccessorImpl.newInstance(DelegatingConstructorAccessorImpl.java:45)
at java.lang.reflect.Constructor.newInstance(Constructor.java:423)
at org.openqa.selenium.remote.http.W3CHttpResponseCodec.createException(W3CHttpResponseCodec.java:187)
at org.openqa.selenium.remote.http.W3CHttpResponseCodec.decode(W3CHttpResponseCodec.java:122)
at org.openqa.selenium.remote.http.W3CHttpResponseCodec.decode(W3CHttpResponseCodec.java:49)
at org.openqa.selenium.remote.HttpCommandExecutor.execute(HttpCommandExecutor.java:158)
at org.openqa.selenium.remote.service.DriverCommandExecutor.execute(DriverCommandExecutor.java:83)
at org.openqa.selenium.remote.RemoteWebDriver.execute(RemoteWebDriver.java:552)
at org.openqa.selenium.remote.RemoteWebDriver.findElement(RemoteWebDriver.java:323)
at org.openqa.selenium.remote.RemoteWebDriver.findElementByXPath(RemoteWebDriver.java:428)
at org.openqa.selenium.By$ByXPath.findElement(By.java:353)
at org.openqa.selenium.remote.RemoteWebDriver.findElement(RemoteWebDriver.java:315)
at org.openqa.selenium.support.pagefactory.DefaultElementLocator.findElement(DefaultElementLocator.java:69)
at org.openqa.selenium.support.pagefactory.internal.LocatingElementHandler.invoke(LocatingElementHandler.java:38)
at com.sun.proxy.$Proxy10.click(Unknown Source)
at com.Msite.Pages.EmployeesPage.openEmployees(EmployeesPage.java:168)
at com.Msite.TestScripts.EmployeesPageTest.employee_Open_TrainingException_InEmployeeStatusSummaryContainer(EmployeesPageTest.java:77)
at sun.reflect.NativeMethodAccessorImpl.invoke0(Native Method)
at sun.reflect.NativeMethodAccessorImpl.invoke(NativeMethodAccessorImpl.java:62)
at sun.reflect.DelegatingMethodAccessorImpl.invoke(DelegatingMethodAccessorImpl.java:43)
at java.lang.reflect.Method.invoke(Method.java:498)
at org.testng.internal.MethodInvocationHelper.invokeMethod(MethodInvocationHelper.java:124)
at org.testng.internal.Invoker.invokeMethod(Invoker.java:583)
at org.testng.internal.Invoker.invokeTestMethod(Invoker.java:719)
at org.testng.internal.Invoker.invokeTestMethods(Invoker.java:989)
at org.testng.internal.TestMethodWorker.invokeTestMethods(TestMethodWorker.java:125)
at org.testng.internal.TestMethodWorker.run(TestMethodWorker.java:109)
at org.testng.TestRunner.privateRun(TestRunner.java:648)
at org.testng.TestRunner.run(TestRunner.java:505)
at org.testng.SuiteRunner.runTest(SuiteRunner.java:455)
at org.testng.SuiteRunner.runSequentially(SuiteRunner.java:450)
at org.testng.SuiteRunner.privateRun(SuiteRunner.java:415)
at org.testng.SuiteRunner.run(SuiteRunner.java:364)
at org.testng.SuiteRunnerWorker.runSuite(SuiteRunnerWorker.java:52)
at org.testng.SuiteRunnerWorker.run(SuiteRunnerWorker.java:84)
at org.testng.TestNG.runSuitesSequentially(TestNG.java:1208)
at org.testng.TestNG.runSuitesLocally(TestNG.java:1137)
at org.testng.TestNG.runSuites(TestNG.java:1049)
at org.testng.TestNG.run(TestNG.java:1017)
at org.testng.remote.AbstractRemoteTestNG.run(AbstractRemoteTestNG.java:115)
at org.testng.remote.RemoteTestNG.initAndRun(RemoteTestNG.java:251)
at org.testng.remote.RemoteTestNG.main(RemoteTestNG.java:77)
]]>
            </full-stacktrace>
          </exception> <!-- org.openqa.selenium.NoSuchElementException -->
          <reporter-output>
            <line>
              <![CDATA[User Logged In successfully]]>
            </line>
            <line>
              <![CDATA[Navigate to Employee Page by clicking on Employee link]]>
            </line>
          </reporter-output>
        </test-method> <!-- employee_Open_TrainingException_InEmployeeStatusSummaryContainer -->
        <test-method status="FAIL" signature="employee_Open_AccreditationException_InEmployeeStatusSummaryContainer()[pri:5, instance:com.Msite.TestScripts.EmployeesPageTest@f6c48ac]" name="employee_Open_AccreditationException_InEmployeeStatusSummaryContainer" duration-ms="29" started-at="2019-11-12T15:22:16Z" finished-at="2019-11-12T15:22:16Z">
          <exception class="org.openqa.selenium.NoSuchElementException">
            <message>
              <![CDATA[no such element: Unable to locate element: {"method":"xpath","selector":"//div[@class='collapse navbar-collapse bs-navbar-collapse no-padding text-center']//a[contains(text(),'Employees')]"}
  (Session info: chrome=78.0.3904.97)
For documentation on this error, please visit: https://www.seleniumhq.org/exceptions/no_such_element.html
Build info: version: '3.141.59', revision: 'e82be7d358', time: '2018-11-14T08:17:03'
System info: host: 'DESKTOP-CS50U47', ip: '127.0.0.1', os.name: 'Windows 10', os.arch: 'amd64', os.version: '10.0', java.version: '1.8.0_211'
Driver info: org.openqa.selenium.chrome.ChromeDriver
Capabilities {acceptInsecureCerts: false, browserName: chrome, browserVersion: 78.0.3904.97, chrome: {chromedriverVersion: 77.0.3865.40 (f484704e052e0..., userDataDir: C:\Users\ADMIN\AppData\Loca...}, goog:chromeOptions: {debuggerAddress: localhost:53256}, javascriptEnabled: true, networkConnectionEnabled: false, pageLoadStrategy: normal, platform: XP, platformName: XP, proxy: Proxy(), setWindowRect: true, strictFileInteractability: false, timeouts: {implicit: 0, pageLoad: 300000, script: 30000}, unhandledPromptBehavior: dismiss and notify}
Session ID: 94cacb4ebbdc23b2dd62f941eda02dc0
*** Element info: {Using=xpath, value=//div[@class='collapse navbar-collapse bs-navbar-collapse no-padding text-center']//a[contains(text(),'Employees')]}]]>
            </message>
            <full-stacktrace>
              <![CDATA[org.openqa.selenium.NoSuchElementException: no such element: Unable to locate element: {"method":"xpath","selector":"//div[@class='collapse navbar-collapse bs-navbar-collapse no-padding text-center']//a[contains(text(),'Employees')]"}
  (Session info: chrome=78.0.3904.97)
For documentation on this error, please visit: https://www.seleniumhq.org/exceptions/no_such_element.html
Build info: version: '3.141.59', revision: 'e82be7d358', time: '2018-11-14T08:17:03'
System info: host: 'DESKTOP-CS50U47', ip: '127.0.0.1', os.name: 'Windows 10', os.arch: 'amd64', os.version: '10.0', java.version: '1.8.0_211'
Driver info: org.openqa.selenium.chrome.ChromeDriver
Capabilities {acceptInsecureCerts: false, browserName: chrome, browserVersion: 78.0.3904.97, chrome: {chromedriverVersion: 77.0.3865.40 (f484704e052e0..., userDataDir: C:\Users\ADMIN\AppData\Loca...}, goog:chromeOptions: {debuggerAddress: localhost:53256}, javascriptEnabled: true, networkConnectionEnabled: false, pageLoadStrategy: normal, platform: XP, platformName: XP, proxy: Proxy(), setWindowRect: true, strictFileInteractability: false, timeouts: {implicit: 0, pageLoad: 300000, script: 30000}, unhandledPromptBehavior: dismiss and notify}
Session ID: 94cacb4ebbdc23b2dd62f941eda02dc0
*** Element info: {Using=xpath, value=//div[@class='collapse navbar-collapse bs-navbar-collapse no-padding text-center']//a[contains(text(),'Employees')]}
at sun.reflect.NativeConstructorAccessorImpl.newInstance0(Native Method)
at sun.reflect.NativeConstructorAccessorImpl.newInstance(NativeConstructorAccessorImpl.java:62)
at sun.reflect.DelegatingConstructorAccessorImpl.newInstance(DelegatingConstructorAccessorImpl.java:45)
at java.lang.reflect.Constructor.newInstance(Constructor.java:423)
at org.openqa.selenium.remote.http.W3CHttpResponseCodec.createException(W3CHttpResponseCodec.java:187)
at org.openqa.selenium.remote.http.W3CHttpResponseCodec.decode(W3CHttpResponseCodec.java:122)
at org.openqa.selenium.remote.http.W3CHttpResponseCodec.decode(W3CHttpResponseCodec.java:49)
at org.openqa.selenium.remote.HttpCommandExecutor.execute(HttpCommandExecutor.java:158)
at org.openqa.selenium.remote.service.DriverCommandExecutor.execute(DriverCommandExecutor.java:83)
at org.openqa.selenium.remote.RemoteWebDriver.execute(RemoteWebDriver.java:552)
at org.openqa.selenium.remote.RemoteWebDriver.findElement(RemoteWebDriver.java:323)
at org.openqa.selenium.remote.RemoteWebDriver.findElementByXPath(RemoteWebDriver.java:428)
at org.openqa.selenium.By$ByXPath.findElement(By.java:353)
at org.openqa.selenium.remote.RemoteWebDriver.findElement(RemoteWebDriver.java:315)
at org.openqa.selenium.support.pagefactory.DefaultElementLocator.findElement(DefaultElementLocator.java:69)
at org.openqa.selenium.support.pagefactory.internal.LocatingElementHandler.invoke(LocatingElementHandler.java:38)
at com.sun.proxy.$Proxy10.click(Unknown Source)
at com.Msite.Pages.EmployeesPage.openEmployees(EmployeesPage.java:168)
at com.Msite.TestScripts.EmployeesPageTest.employee_Open_AccreditationException_InEmployeeStatusSummaryContainer(EmployeesPageTest.java:90)
at sun.reflect.NativeMethodAccessorImpl.invoke0(Native Method)
at sun.reflect.NativeMethodAccessorImpl.invoke(NativeMethodAccessorImpl.java:62)
at sun.reflect.DelegatingMethodAccessorImpl.invoke(DelegatingMethodAccessorImpl.java:43)
at java.lang.reflect.Method.invoke(Method.java:498)
at org.testng.internal.MethodInvocationHelper.invokeMethod(MethodInvocationHelper.java:124)
at org.testng.internal.Invoker.invokeMethod(Invoker.java:583)
at org.testng.internal.Invoker.invokeTestMethod(Invoker.java:719)
at org.testng.internal.Invoker.invokeTestMethods(Invoker.java:989)
at org.testng.internal.TestMethodWorker.invokeTestMethods(TestMethodWorker.java:125)
at org.testng.internal.TestMethodWorker.run(TestMethodWorker.java:109)
at org.testng.TestRunner.privateRun(TestRunner.java:648)
at org.testng.TestRunner.run(TestRunner.java:505)
at org.testng.SuiteRunner.runTest(SuiteRunner.java:455)
at org.testng.SuiteRunner.runSequentially(SuiteRunner.java:450)
at org.testng.SuiteRunner.privateRun(SuiteRunner.java:415)
at org.testng.SuiteRunner.run(SuiteRunner.java:364)
at org.testng.SuiteRunnerWorker.runSuite(SuiteRunnerWorker.java:52)
at org.testng.SuiteRunnerWorker.run(SuiteRunnerWorker.java:84)
at org.testng.TestNG.runSuitesSequentially(TestNG.java:1208)
at org.testng.TestNG.runSuitesLocally(TestNG.java:1137)
at org.testng.TestNG.runSuites(TestNG.java:1049)
at org.testng.TestNG.run(TestNG.java:1017)
at org.testng.remote.AbstractRemoteTestNG.run(AbstractRemoteTestNG.java:115)
at org.testng.remote.RemoteTestNG.initAndRun(RemoteTestNG.java:251)
at org.testng.remote.RemoteTestNG.main(RemoteTestNG.java:77)
]]>
            </full-stacktrace>
          </exception> <!-- org.openqa.selenium.NoSuchElementException -->
          <reporter-output>
            <line>
              <![CDATA[User Logged In successfully]]>
            </line>
            <line>
              <![CDATA[Navigate to Employee Page by clicking on Employee link]]>
            </line>
          </reporter-output>
        </test-method> <!-- employee_Open_AccreditationException_InEmployeeStatusSummaryContainer -->
        <test-method status="FAIL" signature="employee_Open_InductionBookingException_InEmployeeStatusSummaryContainer()[pri:6, instance:com.Msite.TestScripts.EmployeesPageTest@f6c48ac]" name="employee_Open_InductionBookingException_InEmployeeStatusSummaryContainer" duration-ms="29" started-at="2019-11-12T15:22:16Z" finished-at="2019-11-12T15:22:16Z">
          <exception class="org.openqa.selenium.NoSuchElementException">
            <message>
              <![CDATA[no such element: Unable to locate element: {"method":"xpath","selector":"//div[@class='collapse navbar-collapse bs-navbar-collapse no-padding text-center']//a[contains(text(),'Employees')]"}
  (Session info: chrome=78.0.3904.97)
For documentation on this error, please visit: https://www.seleniumhq.org/exceptions/no_such_element.html
Build info: version: '3.141.59', revision: 'e82be7d358', time: '2018-11-14T08:17:03'
System info: host: 'DESKTOP-CS50U47', ip: '127.0.0.1', os.name: 'Windows 10', os.arch: 'amd64', os.version: '10.0', java.version: '1.8.0_211'
Driver info: org.openqa.selenium.chrome.ChromeDriver
Capabilities {acceptInsecureCerts: false, browserName: chrome, browserVersion: 78.0.3904.97, chrome: {chromedriverVersion: 77.0.3865.40 (f484704e052e0..., userDataDir: C:\Users\ADMIN\AppData\Loca...}, goog:chromeOptions: {debuggerAddress: localhost:53256}, javascriptEnabled: true, networkConnectionEnabled: false, pageLoadStrategy: normal, platform: XP, platformName: XP, proxy: Proxy(), setWindowRect: true, strictFileInteractability: false, timeouts: {implicit: 0, pageLoad: 300000, script: 30000}, unhandledPromptBehavior: dismiss and notify}
Session ID: 94cacb4ebbdc23b2dd62f941eda02dc0
*** Element info: {Using=xpath, value=//div[@class='collapse navbar-collapse bs-navbar-collapse no-padding text-center']//a[contains(text(),'Employees')]}]]>
            </message>
            <full-stacktrace>
              <![CDATA[org.openqa.selenium.NoSuchElementException: no such element: Unable to locate element: {"method":"xpath","selector":"//div[@class='collapse navbar-collapse bs-navbar-collapse no-padding text-center']//a[contains(text(),'Employees')]"}
  (Session info: chrome=78.0.3904.97)
For documentation on this error, please visit: https://www.seleniumhq.org/exceptions/no_such_element.html
Build info: version: '3.141.59', revision: 'e82be7d358', time: '2018-11-14T08:17:03'
System info: host: 'DESKTOP-CS50U47', ip: '127.0.0.1', os.name: 'Windows 10', os.arch: 'amd64', os.version: '10.0', java.version: '1.8.0_211'
Driver info: org.openqa.selenium.chrome.ChromeDriver
Capabilities {acceptInsecureCerts: false, browserName: chrome, browserVersion: 78.0.3904.97, chrome: {chromedriverVersion: 77.0.3865.40 (f484704e052e0..., userDataDir: C:\Users\ADMIN\AppData\Loca...}, goog:chromeOptions: {debuggerAddress: localhost:53256}, javascriptEnabled: true, networkConnectionEnabled: false, pageLoadStrategy: normal, platform: XP, platformName: XP, proxy: Proxy(), setWindowRect: true, strictFileInteractability: false, timeouts: {implicit: 0, pageLoad: 300000, script: 30000}, unhandledPromptBehavior: dismiss and notify}
Session ID: 94cacb4ebbdc23b2dd62f941eda02dc0
*** Element info: {Using=xpath, value=//div[@class='collapse navbar-collapse bs-navbar-collapse no-padding text-center']//a[contains(text(),'Employees')]}
at sun.reflect.NativeConstructorAccessorImpl.newInstance0(Native Method)
at sun.reflect.NativeConstructorAccessorImpl.newInstance(NativeConstructorAccessorImpl.java:62)
at sun.reflect.DelegatingConstructorAccessorImpl.newInstance(DelegatingConstructorAccessorImpl.java:45)
at java.lang.reflect.Constructor.newInstance(Constructor.java:423)
at org.openqa.selenium.remote.http.W3CHttpResponseCodec.createException(W3CHttpResponseCodec.java:187)
at org.openqa.selenium.remote.http.W3CHttpResponseCodec.decode(W3CHttpResponseCodec.java:122)
at org.openqa.selenium.remote.http.W3CHttpResponseCodec.decode(W3CHttpResponseCodec.java:49)
at org.openqa.selenium.remote.HttpCommandExecutor.execute(HttpCommandExecutor.java:158)
at org.openqa.selenium.remote.service.DriverCommandExecutor.execute(DriverCommandExecutor.java:83)
at org.openqa.selenium.remote.RemoteWebDriver.execute(RemoteWebDriver.java:552)
at org.openqa.selenium.remote.RemoteWebDriver.findElement(RemoteWebDriver.java:323)
at org.openqa.selenium.remote.RemoteWebDriver.findElementByXPath(RemoteWebDriver.java:428)
at org.openqa.selenium.By$ByXPath.findElement(By.java:353)
at org.openqa.selenium.remote.RemoteWebDriver.findElement(RemoteWebDriver.java:315)
at org.openqa.selenium.support.pagefactory.DefaultElementLocator.findElement(DefaultElementLocator.java:69)
at org.openqa.selenium.support.pagefactory.internal.LocatingElementHandler.invoke(LocatingElementHandler.java:38)
at com.sun.proxy.$Proxy10.click(Unknown Source)
at com.Msite.Pages.EmployeesPage.openEmployees(EmployeesPage.java:168)
at com.Msite.TestScripts.EmployeesPageTest.employee_Open_InductionBookingException_InEmployeeStatusSummaryContainer(EmployeesPageTest.java:102)
at sun.reflect.NativeMethodAccessorImpl.invoke0(Native Method)
at sun.reflect.NativeMethodAccessorImpl.invoke(NativeMethodAccessorImpl.java:62)
at sun.reflect.DelegatingMethodAccessorImpl.invoke(DelegatingMethodAccessorImpl.java:43)
at java.lang.reflect.Method.invoke(Method.java:498)
at org.testng.internal.MethodInvocationHelper.invokeMethod(MethodInvocationHelper.java:124)
at org.testng.internal.Invoker.invokeMethod(Invoker.java:583)
at org.testng.internal.Invoker.invokeTestMethod(Invoker.java:719)
at org.testng.internal.Invoker.invokeTestMethods(Invoker.java:989)
at org.testng.internal.TestMethodWorker.invokeTestMethods(TestMethodWorker.java:125)
at org.testng.internal.TestMethodWorker.run(TestMethodWorker.java:109)
at org.testng.TestRunner.privateRun(TestRunner.java:648)
at org.testng.TestRunner.run(TestRunner.java:505)
at org.testng.SuiteRunner.runTest(SuiteRunner.java:455)
at org.testng.SuiteRunner.runSequentially(SuiteRunner.java:450)
at org.testng.SuiteRunner.privateRun(SuiteRunner.java:415)
at org.testng.SuiteRunner.run(SuiteRunner.java:364)
at org.testng.SuiteRunnerWorker.runSuite(SuiteRunnerWorker.java:52)
at org.testng.SuiteRunnerWorker.run(SuiteRunnerWorker.java:84)
at org.testng.TestNG.runSuitesSequentially(TestNG.java:1208)
at org.testng.TestNG.runSuitesLocally(TestNG.java:1137)
at org.testng.TestNG.runSuites(TestNG.java:1049)
at org.testng.TestNG.run(TestNG.java:1017)
at org.testng.remote.AbstractRemoteTestNG.run(AbstractRemoteTestNG.java:115)
at org.testng.remote.RemoteTestNG.initAndRun(RemoteTestNG.java:251)
at org.testng.remote.RemoteTestNG.main(RemoteTestNG.java:77)
]]>
            </full-stacktrace>
          </exception> <!-- org.openqa.selenium.NoSuchElementException -->
          <reporter-output>
            <line>
              <![CDATA[User Logged In successfully]]>
            </line>
          </reporter-output>
        </test-method> <!-- employee_Open_InductionBookingException_InEmployeeStatusSummaryContainer -->
        <test-method status="FAIL" signature="employee_Open_IDCheckException_InEmployeeStatusSummaryContainer()[pri:7, instance:com.Msite.TestScripts.EmployeesPageTest@f6c48ac]" name="employee_Open_IDCheckException_InEmployeeStatusSummaryContainer" duration-ms="33" started-at="2019-11-12T15:22:16Z" finished-at="2019-11-12T15:22:16Z">
          <exception class="org.openqa.selenium.NoSuchElementException">
            <message>
              <![CDATA[no such element: Unable to locate element: {"method":"xpath","selector":"//div[@class='collapse navbar-collapse bs-navbar-collapse no-padding text-center']//a[contains(text(),'Employees')]"}
  (Session info: chrome=78.0.3904.97)
For documentation on this error, please visit: https://www.seleniumhq.org/exceptions/no_such_element.html
Build info: version: '3.141.59', revision: 'e82be7d358', time: '2018-11-14T08:17:03'
System info: host: 'DESKTOP-CS50U47', ip: '127.0.0.1', os.name: 'Windows 10', os.arch: 'amd64', os.version: '10.0', java.version: '1.8.0_211'
Driver info: org.openqa.selenium.chrome.ChromeDriver
Capabilities {acceptInsecureCerts: false, browserName: chrome, browserVersion: 78.0.3904.97, chrome: {chromedriverVersion: 77.0.3865.40 (f484704e052e0..., userDataDir: C:\Users\ADMIN\AppData\Loca...}, goog:chromeOptions: {debuggerAddress: localhost:53256}, javascriptEnabled: true, networkConnectionEnabled: false, pageLoadStrategy: normal, platform: XP, platformName: XP, proxy: Proxy(), setWindowRect: true, strictFileInteractability: false, timeouts: {implicit: 0, pageLoad: 300000, script: 30000}, unhandledPromptBehavior: dismiss and notify}
Session ID: 94cacb4ebbdc23b2dd62f941eda02dc0
*** Element info: {Using=xpath, value=//div[@class='collapse navbar-collapse bs-navbar-collapse no-padding text-center']//a[contains(text(),'Employees')]}]]>
            </message>
            <full-stacktrace>
              <![CDATA[org.openqa.selenium.NoSuchElementException: no such element: Unable to locate element: {"method":"xpath","selector":"//div[@class='collapse navbar-collapse bs-navbar-collapse no-padding text-center']//a[contains(text(),'Employees')]"}
  (Session info: chrome=78.0.3904.97)
For documentation on this error, please visit: https://www.seleniumhq.org/exceptions/no_such_element.html
Build info: version: '3.141.59', revision: 'e82be7d358', time: '2018-11-14T08:17:03'
System info: host: 'DESKTOP-CS50U47', ip: '127.0.0.1', os.name: 'Windows 10', os.arch: 'amd64', os.version: '10.0', java.version: '1.8.0_211'
Driver info: org.openqa.selenium.chrome.ChromeDriver
Capabilities {acceptInsecureCerts: false, browserName: chrome, browserVersion: 78.0.3904.97, chrome: {chromedriverVersion: 77.0.3865.40 (f484704e052e0..., userDataDir: C:\Users\ADMIN\AppData\Loca...}, goog:chromeOptions: {debuggerAddress: localhost:53256}, javascriptEnabled: true, networkConnectionEnabled: false, pageLoadStrategy: normal, platform: XP, platformName: XP, proxy: Proxy(), setWindowRect: true, strictFileInteractability: false, timeouts: {implicit: 0, pageLoad: 300000, script: 30000}, unhandledPromptBehavior: dismiss and notify}
Session ID: 94cacb4ebbdc23b2dd62f941eda02dc0
*** Element info: {Using=xpath, value=//div[@class='collapse navbar-collapse bs-navbar-collapse no-padding text-center']//a[contains(text(),'Employees')]}
at sun.reflect.NativeConstructorAccessorImpl.newInstance0(Native Method)
at sun.reflect.NativeConstructorAccessorImpl.newInstance(NativeConstructorAccessorImpl.java:62)
at sun.reflect.DelegatingConstructorAccessorImpl.newInstance(DelegatingConstructorAccessorImpl.java:45)
at java.lang.reflect.Constructor.newInstance(Constructor.java:423)
at org.openqa.selenium.remote.http.W3CHttpResponseCodec.createException(W3CHttpResponseCodec.java:187)
at org.openqa.selenium.remote.http.W3CHttpResponseCodec.decode(W3CHttpResponseCodec.java:122)
at org.openqa.selenium.remote.http.W3CHttpResponseCodec.decode(W3CHttpResponseCodec.java:49)
at org.openqa.selenium.remote.HttpCommandExecutor.execute(HttpCommandExecutor.java:158)
at org.openqa.selenium.remote.service.DriverCommandExecutor.execute(DriverCommandExecutor.java:83)
at org.openqa.selenium.remote.RemoteWebDriver.execute(RemoteWebDriver.java:552)
at org.openqa.selenium.remote.RemoteWebDriver.findElement(RemoteWebDriver.java:323)
at org.openqa.selenium.remote.RemoteWebDriver.findElementByXPath(RemoteWebDriver.java:428)
at org.openqa.selenium.By$ByXPath.findElement(By.java:353)
at org.openqa.selenium.remote.RemoteWebDriver.findElement(RemoteWebDriver.java:315)
at org.openqa.selenium.support.pagefactory.DefaultElementLocator.findElement(DefaultElementLocator.java:69)
at org.openqa.selenium.support.pagefactory.internal.LocatingElementHandler.invoke(LocatingElementHandler.java:38)
at com.sun.proxy.$Proxy10.click(Unknown Source)
at com.Msite.Pages.EmployeesPage.openEmployees(EmployeesPage.java:168)
at com.Msite.TestScripts.EmployeesPageTest.employee_Open_IDCheckException_InEmployeeStatusSummaryContainer(EmployeesPageTest.java:115)
at sun.reflect.NativeMethodAccessorImpl.invoke0(Native Method)
at sun.reflect.NativeMethodAccessorImpl.invoke(NativeMethodAccessorImpl.java:62)
at sun.reflect.DelegatingMethodAccessorImpl.invoke(DelegatingMethodAccessorImpl.java:43)
at java.lang.reflect.Method.invoke(Method.java:498)
at org.testng.internal.MethodInvocationHelper.invokeMethod(MethodInvocationHelper.java:124)
at org.testng.internal.Invoker.invokeMethod(Invoker.java:583)
at org.testng.internal.Invoker.invokeTestMethod(Invoker.java:719)
at org.testng.internal.Invoker.invokeTestMethods(Invoker.java:989)
at org.testng.internal.TestMethodWorker.invokeTestMethods(TestMethodWorker.java:125)
at org.testng.internal.TestMethodWorker.run(TestMethodWorker.java:109)
at org.testng.TestRunner.privateRun(TestRunner.java:648)
at org.testng.TestRunner.run(TestRunner.java:505)
at org.testng.SuiteRunner.runTest(SuiteRunner.java:455)
at org.testng.SuiteRunner.runSequentially(SuiteRunner.java:450)
at org.testng.SuiteRunner.privateRun(SuiteRunner.java:415)
at org.testng.SuiteRunner.run(SuiteRunner.java:364)
at org.testng.SuiteRunnerWorker.runSuite(SuiteRunnerWorker.java:52)
at org.testng.SuiteRunnerWorker.run(SuiteRunnerWorker.java:84)
at org.testng.TestNG.runSuitesSequentially(TestNG.java:1208)
at org.testng.TestNG.runSuitesLocally(TestNG.java:1137)
at org.testng.TestNG.runSuites(TestNG.java:1049)
at org.testng.TestNG.run(TestNG.java:1017)
at org.testng.remote.AbstractRemoteTestNG.run(AbstractRemoteTestNG.java:115)
at org.testng.remote.RemoteTestNG.initAndRun(RemoteTestNG.java:251)
at org.testng.remote.RemoteTestNG.main(RemoteTestNG.java:77)
]]>
            </full-stacktrace>
          </exception> <!-- org.openqa.selenium.NoSuchElementException -->
          <reporter-output>
            <line>
              <![CDATA[User Logged In successfully]]>
            </line>
            <line>
              <![CDATA[Navigate to Employee Page by clicking on Employee link]]>
            </line>
          </reporter-output>
        </test-method> <!-- employee_Open_IDCheckException_InEmployeeStatusSummaryContainer -->
        <test-method status="FAIL" signature="employee_Open_AccessAndAttendenceException_InEmployeeStatusSummaryContainer()[pri:8, instance:com.Msite.TestScripts.EmployeesPageTest@f6c48ac]" name="employee_Open_AccessAndAttendenceException_InEmployeeStatusSummaryContainer" duration-ms="32" started-at="2019-11-12T15:22:16Z" finished-at="2019-11-12T15:22:16Z">
          <exception class="org.openqa.selenium.NoSuchElementException">
            <message>
              <![CDATA[no such element: Unable to locate element: {"method":"xpath","selector":"//div[@class='collapse navbar-collapse bs-navbar-collapse no-padding text-center']//a[contains(text(),'Employees')]"}
  (Session info: chrome=78.0.3904.97)
For documentation on this error, please visit: https://www.seleniumhq.org/exceptions/no_such_element.html
Build info: version: '3.141.59', revision: 'e82be7d358', time: '2018-11-14T08:17:03'
System info: host: 'DESKTOP-CS50U47', ip: '127.0.0.1', os.name: 'Windows 10', os.arch: 'amd64', os.version: '10.0', java.version: '1.8.0_211'
Driver info: org.openqa.selenium.chrome.ChromeDriver
Capabilities {acceptInsecureCerts: false, browserName: chrome, browserVersion: 78.0.3904.97, chrome: {chromedriverVersion: 77.0.3865.40 (f484704e052e0..., userDataDir: C:\Users\ADMIN\AppData\Loca...}, goog:chromeOptions: {debuggerAddress: localhost:53256}, javascriptEnabled: true, networkConnectionEnabled: false, pageLoadStrategy: normal, platform: XP, platformName: XP, proxy: Proxy(), setWindowRect: true, strictFileInteractability: false, timeouts: {implicit: 0, pageLoad: 300000, script: 30000}, unhandledPromptBehavior: dismiss and notify}
Session ID: 94cacb4ebbdc23b2dd62f941eda02dc0
*** Element info: {Using=xpath, value=//div[@class='collapse navbar-collapse bs-navbar-collapse no-padding text-center']//a[contains(text(),'Employees')]}]]>
            </message>
            <full-stacktrace>
              <![CDATA[org.openqa.selenium.NoSuchElementException: no such element: Unable to locate element: {"method":"xpath","selector":"//div[@class='collapse navbar-collapse bs-navbar-collapse no-padding text-center']//a[contains(text(),'Employees')]"}
  (Session info: chrome=78.0.3904.97)
For documentation on this error, please visit: https://www.seleniumhq.org/exceptions/no_such_element.html
Build info: version: '3.141.59', revision: 'e82be7d358', time: '2018-11-14T08:17:03'
System info: host: 'DESKTOP-CS50U47', ip: '127.0.0.1', os.name: 'Windows 10', os.arch: 'amd64', os.version: '10.0', java.version: '1.8.0_211'
Driver info: org.openqa.selenium.chrome.ChromeDriver
Capabilities {acceptInsecureCerts: false, browserName: chrome, browserVersion: 78.0.3904.97, chrome: {chromedriverVersion: 77.0.3865.40 (f484704e052e0..., userDataDir: C:\Users\ADMIN\AppData\Loca...}, goog:chromeOptions: {debuggerAddress: localhost:53256}, javascriptEnabled: true, networkConnectionEnabled: false, pageLoadStrategy: normal, platform: XP, platformName: XP, proxy: Proxy(), setWindowRect: true, strictFileInteractability: false, timeouts: {implicit: 0, pageLoad: 300000, script: 30000}, unhandledPromptBehavior: dismiss and notify}
Session ID: 94cacb4ebbdc23b2dd62f941eda02dc0
*** Element info: {Using=xpath, value=//div[@class='collapse navbar-collapse bs-navbar-collapse no-padding text-center']//a[contains(text(),'Employees')]}
at sun.reflect.NativeConstructorAccessorImpl.newInstance0(Native Method)
at sun.reflect.NativeConstructorAccessorImpl.newInstance(NativeConstructorAccessorImpl.java:62)
at sun.reflect.DelegatingConstructorAccessorImpl.newInstance(DelegatingConstructorAccessorImpl.java:45)
at java.lang.reflect.Constructor.newInstance(Constructor.java:423)
at org.openqa.selenium.remote.http.W3CHttpResponseCodec.createException(W3CHttpResponseCodec.java:187)
at org.openqa.selenium.remote.http.W3CHttpResponseCodec.decode(W3CHttpResponseCodec.java:122)
at org.openqa.selenium.remote.http.W3CHttpResponseCodec.decode(W3CHttpResponseCodec.java:49)
at org.openqa.selenium.remote.HttpCommandExecutor.execute(HttpCommandExecutor.java:158)
at org.openqa.selenium.remote.service.DriverCommandExecutor.execute(DriverCommandExecutor.java:83)
at org.openqa.selenium.remote.RemoteWebDriver.execute(RemoteWebDriver.java:552)
at org.openqa.selenium.remote.RemoteWebDriver.findElement(RemoteWebDriver.java:323)
at org.openqa.selenium.remote.RemoteWebDriver.findElementByXPath(RemoteWebDriver.java:428)
at org.openqa.selenium.By$ByXPath.findElement(By.java:353)
at org.openqa.selenium.remote.RemoteWebDriver.findElement(RemoteWebDriver.java:315)
at org.openqa.selenium.support.pagefactory.DefaultElementLocator.findElement(DefaultElementLocator.java:69)
at org.openqa.selenium.support.pagefactory.internal.LocatingElementHandler.invoke(LocatingElementHandler.java:38)
at com.sun.proxy.$Proxy10.click(Unknown Source)
at com.Msite.Pages.EmployeesPage.openEmployees(EmployeesPage.java:168)
at com.Msite.TestScripts.EmployeesPageTest.employee_Open_AccessAndAttendenceException_InEmployeeStatusSummaryContainer(EmployeesPageTest.java:128)
at sun.reflect.NativeMethodAccessorImpl.invoke0(Native Method)
at sun.reflect.NativeMethodAccessorImpl.invoke(NativeMethodAccessorImpl.java:62)
at sun.reflect.DelegatingMethodAccessorImpl.invoke(DelegatingMethodAccessorImpl.java:43)
at java.lang.reflect.Method.invoke(Method.java:498)
at org.testng.internal.MethodInvocationHelper.invokeMethod(MethodInvocationHelper.java:124)
at org.testng.internal.Invoker.invokeMethod(Invoker.java:583)
at org.testng.internal.Invoker.invokeTestMethod(Invoker.java:719)
at org.testng.internal.Invoker.invokeTestMethods(Invoker.java:989)
at org.testng.internal.TestMethodWorker.invokeTestMethods(TestMethodWorker.java:125)
at org.testng.internal.TestMethodWorker.run(TestMethodWorker.java:109)
at org.testng.TestRunner.privateRun(TestRunner.java:648)
at org.testng.TestRunner.run(TestRunner.java:505)
at org.testng.SuiteRunner.runTest(SuiteRunner.java:455)
at org.testng.SuiteRunner.runSequentially(SuiteRunner.java:450)
at org.testng.SuiteRunner.privateRun(SuiteRunner.java:415)
at org.testng.SuiteRunner.run(SuiteRunner.java:364)
at org.testng.SuiteRunnerWorker.runSuite(SuiteRunnerWorker.java:52)
at org.testng.SuiteRunnerWorker.run(SuiteRunnerWorker.java:84)
at org.testng.TestNG.runSuitesSequentially(TestNG.java:1208)
at org.testng.TestNG.runSuitesLocally(TestNG.java:1137)
at org.testng.TestNG.runSuites(TestNG.java:1049)
at org.testng.TestNG.run(TestNG.java:1017)
at org.testng.remote.AbstractRemoteTestNG.run(AbstractRemoteTestNG.java:115)
at org.testng.remote.RemoteTestNG.initAndRun(RemoteTestNG.java:251)
at org.testng.remote.RemoteTestNG.main(RemoteTestNG.java:77)
]]>
            </full-stacktrace>
          </exception> <!-- org.openqa.selenium.NoSuchElementException -->
          <reporter-output>
            <line>
              <![CDATA[User Logged In successfully]]>
            </line>
            <line>
              <![CDATA[Navigate to Employee Page by clicking on Employee link]]>
            </line>
          </reporter-output>
        </test-method> <!-- employee_Open_AccessAndAttendenceException_InEmployeeStatusSummaryContainer -->
        <test-method status="FAIL" signature="employees_Open_AddNewEmployee_And_VerifyAllElement()[pri:9, instance:com.Msite.TestScripts.EmployeesPageTest@f6c48ac]" name="employees_Open_AddNewEmployee_And_VerifyAllElement" duration-ms="27" started-at="2019-11-12T15:22:16Z" finished-at="2019-11-12T15:22:16Z">
          <exception class="org.openqa.selenium.NoSuchElementException">
            <message>
              <![CDATA[no such element: Unable to locate element: {"method":"xpath","selector":"//div[@class='collapse navbar-collapse bs-navbar-collapse no-padding text-center']//a[contains(text(),'Employees')]"}
  (Session info: chrome=78.0.3904.97)
For documentation on this error, please visit: https://www.seleniumhq.org/exceptions/no_such_element.html
Build info: version: '3.141.59', revision: 'e82be7d358', time: '2018-11-14T08:17:03'
System info: host: 'DESKTOP-CS50U47', ip: '127.0.0.1', os.name: 'Windows 10', os.arch: 'amd64', os.version: '10.0', java.version: '1.8.0_211'
Driver info: org.openqa.selenium.chrome.ChromeDriver
Capabilities {acceptInsecureCerts: false, browserName: chrome, browserVersion: 78.0.3904.97, chrome: {chromedriverVersion: 77.0.3865.40 (f484704e052e0..., userDataDir: C:\Users\ADMIN\AppData\Loca...}, goog:chromeOptions: {debuggerAddress: localhost:53256}, javascriptEnabled: true, networkConnectionEnabled: false, pageLoadStrategy: normal, platform: XP, platformName: XP, proxy: Proxy(), setWindowRect: true, strictFileInteractability: false, timeouts: {implicit: 0, pageLoad: 300000, script: 30000}, unhandledPromptBehavior: dismiss and notify}
Session ID: 94cacb4ebbdc23b2dd62f941eda02dc0
*** Element info: {Using=xpath, value=//div[@class='collapse navbar-collapse bs-navbar-collapse no-padding text-center']//a[contains(text(),'Employees')]}]]>
            </message>
            <full-stacktrace>
              <![CDATA[org.openqa.selenium.NoSuchElementException: no such element: Unable to locate element: {"method":"xpath","selector":"//div[@class='collapse navbar-collapse bs-navbar-collapse no-padding text-center']//a[contains(text(),'Employees')]"}
  (Session info: chrome=78.0.3904.97)
For documentation on this error, please visit: https://www.seleniumhq.org/exceptions/no_such_element.html
Build info: version: '3.141.59', revision: 'e82be7d358', time: '2018-11-14T08:17:03'
System info: host: 'DESKTOP-CS50U47', ip: '127.0.0.1', os.name: 'Windows 10', os.arch: 'amd64', os.version: '10.0', java.version: '1.8.0_211'
Driver info: org.openqa.selenium.chrome.ChromeDriver
Capabilities {acceptInsecureCerts: false, browserName: chrome, browserVersion: 78.0.3904.97, chrome: {chromedriverVersion: 77.0.3865.40 (f484704e052e0..., userDataDir: C:\Users\ADMIN\AppData\Loca...}, goog:chromeOptions: {debuggerAddress: localhost:53256}, javascriptEnabled: true, networkConnectionEnabled: false, pageLoadStrategy: normal, platform: XP, platformName: XP, proxy: Proxy(), setWindowRect: true, strictFileInteractability: false, timeouts: {implicit: 0, pageLoad: 300000, script: 30000}, unhandledPromptBehavior: dismiss and notify}
Session ID: 94cacb4ebbdc23b2dd62f941eda02dc0
*** Element info: {Using=xpath, value=//div[@class='collapse navbar-collapse bs-navbar-collapse no-padding text-center']//a[contains(text(),'Employees')]}
at sun.reflect.NativeConstructorAccessorImpl.newInstance0(Native Method)
at sun.reflect.NativeConstructorAccessorImpl.newInstance(NativeConstructorAccessorImpl.java:62)
at sun.reflect.DelegatingConstructorAccessorImpl.newInstance(DelegatingConstructorAccessorImpl.java:45)
at java.lang.reflect.Constructor.newInstance(Constructor.java:423)
at org.openqa.selenium.remote.http.W3CHttpResponseCodec.createException(W3CHttpResponseCodec.java:187)
at org.openqa.selenium.remote.http.W3CHttpResponseCodec.decode(W3CHttpResponseCodec.java:122)
at org.openqa.selenium.remote.http.W3CHttpResponseCodec.decode(W3CHttpResponseCodec.java:49)
at org.openqa.selenium.remote.HttpCommandExecutor.execute(HttpCommandExecutor.java:158)
at org.openqa.selenium.remote.service.DriverCommandExecutor.execute(DriverCommandExecutor.java:83)
at org.openqa.selenium.remote.RemoteWebDriver.execute(RemoteWebDriver.java:552)
at org.openqa.selenium.remote.RemoteWebDriver.findElement(RemoteWebDriver.java:323)
at org.openqa.selenium.remote.RemoteWebDriver.findElementByXPath(RemoteWebDriver.java:428)
at org.openqa.selenium.By$ByXPath.findElement(By.java:353)
at org.openqa.selenium.remote.RemoteWebDriver.findElement(RemoteWebDriver.java:315)
at org.openqa.selenium.support.pagefactory.DefaultElementLocator.findElement(DefaultElementLocator.java:69)
at org.openqa.selenium.support.pagefactory.internal.LocatingElementHandler.invoke(LocatingElementHandler.java:38)
at com.sun.proxy.$Proxy10.click(Unknown Source)
at com.Msite.Pages.EmployeesPage.openEmployees(EmployeesPage.java:168)
at com.Msite.TestScripts.EmployeesPageTest.employees_Open_AddNewEmployee_And_VerifyAllElement(EmployeesPageTest.java:142)
at sun.reflect.NativeMethodAccessorImpl.invoke0(Native Method)
at sun.reflect.NativeMethodAccessorImpl.invoke(NativeMethodAccessorImpl.java:62)
at sun.reflect.DelegatingMethodAccessorImpl.invoke(DelegatingMethodAccessorImpl.java:43)
at java.lang.reflect.Method.invoke(Method.java:498)
at org.testng.internal.MethodInvocationHelper.invokeMethod(MethodInvocationHelper.java:124)
at org.testng.internal.Invoker.invokeMethod(Invoker.java:583)
at org.testng.internal.Invoker.invokeTestMethod(Invoker.java:719)
at org.testng.internal.Invoker.invokeTestMethods(Invoker.java:989)
at org.testng.internal.TestMethodWorker.invokeTestMethods(TestMethodWorker.java:125)
at org.testng.internal.TestMethodWorker.run(TestMethodWorker.java:109)
at org.testng.TestRunner.privateRun(TestRunner.java:648)
at org.testng.TestRunner.run(TestRunner.java:505)
at org.testng.SuiteRunner.runTest(SuiteRunner.java:455)
at org.testng.SuiteRunner.runSequentially(SuiteRunner.java:450)
at org.testng.SuiteRunner.privateRun(SuiteRunner.java:415)
at org.testng.SuiteRunner.run(SuiteRunner.java:364)
at org.testng.SuiteRunnerWorker.runSuite(SuiteRunnerWorker.java:52)
[...]
Session ID: 94cacb4ebbdc23b2dd62f941eda02dc0
*** Element info: {Using=xpath, value=//div[@class='collapse navbar-collapse bs-navbar-collapse no-padding text-center']//a[contains(text(),'Employees')]}]]>
            </message>
            <full-stacktrace>
              <![CDATA[org.openqa.selenium.NoSuchElementException: no such element: Unable to locate element: {"method":"xpath","selector":"//div[@class='collapse navbar-collapse bs-navbar-collapse no-padding text-center']//a[contains(text(),'Employees')]"}
  (Session info: chrome=78.0.3904.97)
For documentation on this error, please visit: https://www.seleniumhq.org/exceptions/no_such_element.html
Build info: version: '3.141.59', revision: 'e82be7d358', time: '2018-11-14T08:17:03'
System info: host: 'DESKTOP-CS50U47', ip: '127.0.0.1', os.name: 'Windows 10', os.arch: 'amd64', os.version: '10.0', java.version: '1.8.0_211'
Driver info: org.openqa.selenium.chrome.ChromeDriver
Capabilities {acceptInsecureCerts: false, browserName: chrome, browserVersion: 78.0.3904.97, chrome: {chromedriverVersion: 77.0.3865.40 (f484704e052e0..., userDataDir: C:\Users\ADMIN\AppData\Loca...}, goog:chromeOptions: {debuggerAddress: localhost:53256}, javascriptEnabled: true, networkConnectionEnabled: false, pageLoadStrategy: normal, platform: XP, platformName: XP, proxy: Proxy(), setWindowRect: true, strictFileInteractability: false, timeouts: {implicit: 0, pageLoad: 300000, script: 30000}, unhandledPromptBehavior: dismiss and notify}
Session ID: 94cacb4ebbdc23b2dd62f941eda02dc0
*** Element info: {Using=xpath, value=//div[@class='collapse navbar-collapse bs-navbar-collapse no-padding text-center']//a[contains(text(),'Employees')]}
at sun.reflect.GeneratedConstructorAccessor17.newInstance(Unknown Source)
at sun.reflect.DelegatingConstructorAccessorImpl.newInstance(DelegatingConstructorAccessorImpl.java:45)
at java.lang.reflect.Constructor.newInstance(Constructor.java:423)
at org.openqa.selenium.remote.http.W3CHttpResponseCodec.createException(W3CHttpResponseCodec.java:187)
at org.openqa.selenium.remote.http.W3CHttpResponseCodec.decode(W3CHttpResponseCodec.java:122)
at org.openqa.selenium.remote.http.W3CHttpResponseCodec.decode(W3CHttpResponseCodec.java:49)
at org.openqa.selenium.remote.HttpCommandExecutor.execute(HttpCommandExecutor.java:158)
at org.openqa.selenium.remote.service.DriverCommandExecutor.execute(DriverCommandExecutor.java:83)
at org.openqa.selenium.remote.RemoteWebDriver.execute(RemoteWebDriver.java:552)
at org.openqa.selenium.remote.RemoteWebDriver.findElement(RemoteWebDriver.java:323)
at org.openqa.selenium.remote.RemoteWebDriver.findElementByXPath(RemoteWebDriver.java:428)
at org.openqa.selenium.By$ByXPath.findElement(By.java:353)
at org.openqa.selenium.remote.RemoteWebDriver.findElement(RemoteWebDriver.java:315)
at org.openqa.selenium.support.pagefactory.DefaultElementLocator.findElement(DefaultElementLocator.java:69)
at org.openqa.selenium.support.pagefactory.internal.LocatingElementHandler.invoke(LocatingElementHandler.java:38)
at com.sun.proxy.$Proxy10.click(Unknown Source)
at com.Msite.Pages.EmployeesPage.openEmployees(EmployeesPage.java:168)
at com.Msite.TestScripts.EmployeesPageTest.employee_Delete_AttachmentInEmployee(EmployeesPageTest.java:1321)
at sun.reflect.NativeMethodAccessorImpl.invoke0(Native Method)
at sun.reflect.NativeMethodAccessorImpl.invoke(NativeMethodAccessorImpl.java:62)
at sun.reflect.DelegatingMethodAccessorImpl.invoke(DelegatingMethodAccessorImpl.java:43)
at java.lang.reflect.Method.invoke(Method.java:498)
at org.testng.internal.MethodInvocationHelper.invokeMethod(MethodInvocationHelper.java:124)
at org.testng.internal.Invoker.invokeMethod(Invoker.java:583)
at org.testng.internal.Invoker.invokeTestMethod(Invoker.java:719)
at org.testng.internal.Invoker.invokeTestMethods(Invoker.java:989)
at org.testng.internal.TestMethodWorker.invokeTestMethods(TestMethodWorker.java:125)
at org.testng.internal.TestMethodWorker.run(TestMethodWorker.java:109)
at org.testng.TestRunner.privateRun(TestRunner.java:648)
at org.testng.TestRunner.run(TestRunner.java:505)
at org.testng.SuiteRunner.runTest(SuiteRunner.java:455)
at org.testng.SuiteRunner.runSequentially(SuiteRunner.java:450)
at org.testng.SuiteRunner.privateRun(SuiteRunner.java:415)
at org.testng.SuiteRunner.run(SuiteRunner.java:364)
at org.testng.SuiteRunnerWorker.runSuite(SuiteRunnerWorker.java:52)
at org.testng.SuiteRunnerWorker.run(SuiteRunnerWorker.java:84)
at org.testng.TestNG.runSuitesSequentially(TestNG.java:1208)
at org.testng.TestNG.runSuitesLocally(TestNG.java:1137)
at org.testng.TestNG.runSuites(TestNG.java:1049)
at org.testng.TestNG.run(TestNG.java:1017)
at org.testng.remote.AbstractRemoteTestNG.run(AbstractRemoteTestNG.java:115)
at org.testng.remote.RemoteTestNG.initAndRun(RemoteTestNG.java:251)
at org.testng.remote.RemoteTestNG.main(RemoteTestNG.java:77)
]]>
            </full-stacktrace>
          </exception> <!-- org.openqa.selenium.NoSuchElementException -->
          <reporter-output>
            <line>
              <![CDATA[User Logged In successfully]]>
            </line>
            <line>
              <![CDATA[Navigate to Employee Page by clicking on Employee link]]>
            </line>
          </reporter-output>
        </test-method> <!-- employee_Delete_AttachmentInEmployee -->
        <test-method status="FAIL" signature="employee_Cancel_InDeleteEmployee()[pri:95, instance:com.Msite.TestScripts.EmployeesPageTest@f6c48ac]" name="employee_Cancel_InDeleteEmployee" duration-ms="39" started-at="2019-11-12T15:22:19Z" finished-at="2019-11-12T15:22:19Z">
          <exception class="org.openqa.selenium.NoSuchElementException">
            <message>
              <![CDATA[no such element: Unable to locate element: {"method":"xpath","selector":"//div[@class='collapse navbar-collapse bs-navbar-collapse no-padding text-center']//a[contains(text(),'Employees')]"}
  (Session info: chrome=78.0.3904.97)
For documentation on this error, please visit: https://www.seleniumhq.org/exceptions/no_such_element.html
Build info: version: '3.141.59', revision: 'e82be7d358', time: '2018-11-14T08:17:03'
System info: host: 'DESKTOP-CS50U47', ip: '127.0.0.1', os.name: 'Windows 10', os.arch: 'amd64', os.version: '10.0', java.version: '1.8.0_211'
Driver info: org.openqa.selenium.chrome.ChromeDriver
Capabilities {acceptInsecureCerts: false, browserName: chrome, browserVersion: 78.0.3904.97, chrome: {chromedriverVersion: 77.0.3865.40 (f484704e052e0..., userDataDir: C:\Users\ADMIN\AppData\Loca...}, goog:chromeOptions: {debuggerAddress: localhost:53256}, javascriptEnabled: true, networkConnectionEnabled: false, pageLoadStrategy: normal, platform: XP, platformName: XP, proxy: Proxy(), setWindowRect: true, strictFileInteractability: false, timeouts: {implicit: 0, pageLoad: 300000, script: 30000}, unhandledPromptBehavior: dismiss and notify}
Session ID: 94cacb4ebbdc23b2dd62f941eda02dc0
*** Element info: {Using=xpath, value=//div[@class='collapse navbar-collapse bs-navbar-collapse no-padding text-center']//a[contains(text(),'Employees')]}]]>
            </message>
            <full-stacktrace>
              <![CDATA[org.openqa.selenium.NoSuchElementException: no such element: Unable to locate element: {"method":"xpath","selector":"//div[@class='collapse navbar-collapse bs-navbar-collapse no-padding text-center']//a[contains(text(),'Employees')]"}
  (Session info: chrome=78.0.3904.97)
For documentation on this error, please visit: https://www.seleniumhq.org/exceptions/no_such_element.html
Build info: version: '3.141.59', revision: 'e82be7d358', time: '2018-11-14T08:17:03'
System info: host: 'DESKTOP-CS50U47', ip: '127.0.0.1', os.name: 'Windows 10', os.arch: 'amd64', os.version: '10.0', java.version: '1.8.0_211'
Driver info: org.openqa.selenium.chrome.ChromeDriver
Capabilities {acceptInsecureCerts: false, browserName: chrome, browserVersion: 78.0.3904.97, chrome: {chromedriverVersion: 77.0.3865.40 (f484704e052e0..., userDataDir: C:\Users\ADMIN\AppData\Loca...}, goog:chromeOptions: {debuggerAddress: localhost:53256}, javascriptEnabled: true, networkConnectionEnabled: false, pageLoadStrategy: normal, platform: XP, platformName: XP, proxy: Proxy(), setWindowRect: true, strictFileInteractability: false, timeouts: {implicit: 0, pageLoad: 300000, script: 30000}, unhandledPromptBehavior: dismiss and notify}
Session ID: 94cacb4ebbdc23b2dd62f941eda02dc0
*** Element info: {Using=xpath, value=//div[@class='collapse navbar-collapse bs-navbar-collapse no-padding text-center']//a[contains(text(),'Employees')]}
at sun.reflect.GeneratedConstructorAccessor17.newInstance(Unknown Source)
at sun.reflect.DelegatingConstructorAccessorImpl.newInstance(DelegatingConstructorAccessorImpl.java:45)
at java.lang.reflect.Constructor.newInstance(Constructor.java:423)
at org.openqa.selenium.remote.http.W3CHttpResponseCodec.createException(W3CHttpResponseCodec.java:187)
at org.openqa.selenium.remote.http.W3CHttpResponseCodec.decode(W3CHttpResponseCodec.java:122)
at org.openqa.selenium.remote.http.W3CHttpResponseCodec.decode(W3CHttpResponseCodec.java:49)
at org.openqa.selenium.remote.HttpCommandExecutor.execute(HttpCommandExecutor.java:158)
at org.openqa.selenium.remote.service.DriverCommandExecutor.execute(DriverCommandExecutor.java:83)
at org.openqa.selenium.remote.RemoteWebDriver.execute(RemoteWebDriver.java:552)
at org.openqa.selenium.remote.RemoteWebDriver.findElement(RemoteWebDriver.java:323)
at org.openqa.selenium.remote.RemoteWebDriver.findElementByXPath(RemoteWebDriver.java:428)
at org.openqa.selenium.By$ByXPath.findElement(By.java:353)
at org.openqa.selenium.remote.RemoteWebDriver.findElement(RemoteWebDriver.java:315)
at org.openqa.selenium.support.pagefactory.DefaultElementLocator.findElement(DefaultElementLocator.java:69)
at org.openqa.selenium.support.pagefactory.internal.LocatingElementHandler.invoke(LocatingElementHandler.java:38)
at com.sun.proxy.$Proxy10.click(Unknown Source)
at com.Msite.Pages.EmployeesPage.openEmployees(EmployeesPage.java:168)
at com.Msite.TestScripts.EmployeesPageTest.employee_Cancel_InDeleteEmployee(EmployeesPageTest.java:1335)
at sun.reflect.NativeMethodAccessorImpl.invoke0(Native Method)
at sun.reflect.NativeMethodAccessorImpl.invoke(NativeMethodAccessorImpl.java:62)
at sun.reflect.DelegatingMethodAccessorImpl.invoke(DelegatingMethodAccessorImpl.java:43)
at java.lang.reflect.Method.invoke(Method.java:498)
at org.testng.internal.MethodInvocationHelper.invokeMethod(MethodInvocationHelper.java:124)
at org.testng.internal.Invoker.invokeMethod(Invoker.java:583)
at org.testng.internal.Invoker.invokeTestMethod(Invoker.java:719)
at org.testng.internal.Invoker.invokeTestMethods(Invoker.java:989)
at org.testng.internal.TestMethodWorker.invokeTestMethods(TestMethodWorker.java:125)
at org.testng.internal.TestMethodWorker.run(TestMethodWorker.java:109)
at org.testng.TestRunner.privateRun(TestRunner.java:648)
at org.testng.TestRunner.run(TestRunner.java:505)
at org.testng.SuiteRunner.runTest(SuiteRunner.java:455)
at org.testng.SuiteRunner.runSequentially(SuiteRunner.java:450)
at org.testng.SuiteRunner.privateRun(SuiteRunner.java:415)
at org.testng.SuiteRunner.run(SuiteRunner.java:364)
at org.testng.SuiteRunnerWorker.runSuite(SuiteRunnerWorker.java:52)
at org.testng.SuiteRunnerWorker.run(SuiteRunnerWorker.java:84)
at org.testng.TestNG.runSuitesSequentially(TestNG.java:1208)
at org.testng.TestNG.runSuitesLocally(TestNG.java:1137)
at org.testng.TestNG.runSuites(TestNG.java:1049)
at org.testng.TestNG.run(TestNG.java:1017)
at org.testng.remote.AbstractRemoteTestNG.run(AbstractRemoteTestNG.java:115)
at org.testng.remote.RemoteTestNG.initAndRun(RemoteTestNG.java:251)
at org.testng.remote.RemoteTestNG.main(RemoteTestNG.java:77)
]]>
            </full-stacktrace>
          </exception> <!-- org.openqa.selenium.NoSuchElementException -->
          <reporter-output>
            <line>
              <![CDATA[User Logged In successfully]]>
            </line>
            <line>
              <![CDATA[Navigate to Employee Page by clicking on Employee link]]>
            </line>
          </reporter-output>
        </test-method> <!-- employee_Cancel_InDeleteEmployee -->
        <test-method status="FAIL" signature="employee_Delete_InDeleteEmployee()[pri:96, instance:com.Msite.TestScripts.EmployeesPageTest@f6c48ac]" name="employee_Delete_InDeleteEmployee" duration-ms="28" started-at="2019-11-12T15:22:19Z" finished-at="2019-11-12T15:22:19Z">
          <exception class="org.openqa.selenium.NoSuchElementException">
            <message>
              <![CDATA[no such element: Unable to locate element: {"method":"xpath","selector":"//div[@class='collapse navbar-collapse bs-navbar-collapse no-padding text-center']//a[contains(text(),'Employees')]"}
  (Session info: chrome=78.0.3904.97)
For documentation on this error, please visit: https://www.seleniumhq.org/exceptions/no_such_element.html
Build info: version: '3.141.59', revision: 'e82be7d358', time: '2018-11-14T08:17:03'
System info: host: 'DESKTOP-CS50U47', ip: '127.0.0.1', os.name: 'Windows 10', os.arch: 'amd64', os.version: '10.0', java.version: '1.8.0_211'
Driver info: org.openqa.selenium.chrome.ChromeDriver
Capabilities {acceptInsecureCerts: false, browserName: chrome, browserVersion: 78.0.3904.97, chrome: {chromedriverVersion: 77.0.3865.40 (f484704e052e0..., userDataDir: C:\Users\ADMIN\AppData\Loca...}, goog:chromeOptions: {debuggerAddress: localhost:53256}, javascriptEnabled: true, networkConnectionEnabled: false, pageLoadStrategy: normal, platform: XP, platformName: XP, proxy: Proxy(), setWindowRect: true, strictFileInteractability: false, timeouts: {implicit: 0, pageLoad: 300000, script: 30000}, unhandledPromptBehavior: dismiss and notify}
Session ID: 94cacb4ebbdc23b2dd62f941eda02dc0
*** Element info: {Using=xpath, value=//div[@class='collapse navbar-collapse bs-navbar-collapse no-padding text-center']//a[contains(text(),'Employees')]}]]>
            </message>
            <full-stacktrace>
              <![CDATA[org.openqa.selenium.NoSuchElementException: no such element: Unable to locate element: {"method":"xpath","selector":"//div[@class='collapse navbar-collapse bs-navbar-collapse no-padding text-center']//a[contains(text(),'Employees')]"}
  (Session info: chrome=78.0.3904.97)
For documentation on this error, please visit: https://www.seleniumhq.org/exceptions/no_such_element.html
Build info: version: '3.141.59', revision: 'e82be7d358', time: '2018-11-14T08:17:03'
System info: host: 'DESKTOP-CS50U47', ip: '127.0.0.1', os.name: 'Windows 10', os.arch: 'amd64', os.version: '10.0', java.version: '1.8.0_211'
Driver info: org.openqa.selenium.chrome.ChromeDriver
Capabilities {acceptInsecureCerts: false, browserName: chrome, browserVersion: 78.0.3904.97, chrome: {chromedriverVersion: 77.0.3865.40 (f484704e052e0..., userDataDir: C:\Users\ADMIN\AppData\Loca...}, goog:chromeOptions: {debuggerAddress: localhost:53256}, javascriptEnabled: true, networkConnectionEnabled: false, pageLoadStrategy: normal, platform: XP, platformName: XP, proxy: Proxy(), setWindowRect: true, strictFileInteractability: false, timeouts: {implicit: 0, pageLoad: 300000, script: 30000}, unhandledPromptBehavior: dismiss and notify}
Session ID: 94cacb4ebbdc23b2dd62f941eda02dc0
*** Element info: {Using=xpath, value=//div[@class='collapse navbar-collapse bs-navbar-collapse no-padding text-center']//a[contains(text(),'Employees')]}
at sun.reflect.GeneratedConstructorAccessor17.newInstance(Unknown Source)
at sun.reflect.DelegatingConstructorAccessorImpl.newInstance(DelegatingConstructorAccessorImpl.java:45)
at java.lang.reflect.Constructor.newInstance(Constructor.java:423)
at org.openqa.selenium.remote.http.W3CHttpResponseCodec.createException(W3CHttpResponseCodec.java:187)
at org.openqa.selenium.remote.http.W3CHttpResponseCodec.decode(W3CHttpResponseCodec.java:122)
at org.openqa.selenium.remote.http.W3CHttpResponseCodec.decode(W3CHttpResponseCodec.java:49)
at org.openqa.selenium.remote.HttpCommandExecutor.execute(HttpCommandExecutor.java:158)
at org.openqa.selenium.remote.service.DriverCommandExecutor.execute(DriverCommandExecutor.java:83)
at org.openqa.selenium.remote.RemoteWebDriver.execute(RemoteWebDriver.java:552)
at org.openqa.selenium.remote.RemoteWebDriver.findElement(RemoteWebDriver.java:323)
at org.openqa.selenium.remote.RemoteWebDriver.findElementByXPath(RemoteWebDriver.java:428)
at org.openqa.selenium.By$ByXPath.findElement(By.java:353)
at org.openqa.selenium.remote.RemoteWebDriver.findElement(RemoteWebDriver.java:315)
at org.openqa.selenium.support.pagefactory.DefaultElementLocator.findElement(DefaultElementLocator.java:69)
at org.openqa.selenium.support.pagefactory.internal.LocatingElementHandler.invoke(LocatingElementHandler.java:38)
at com.sun.proxy.$Proxy10.click(Unknown Source)
at com.Msite.Pages.EmployeesPage.openEmployees(EmployeesPage.java:168)
at com.Msite.TestScripts.EmployeesPageTest.employee_Delete_InDeleteEmployee(EmployeesPageTest.java:1348)
at sun.reflect.NativeMethodAccessorImpl.invoke0(Native Method)
at sun.reflect.NativeMethodAccessorImpl.invoke(NativeMethodAccessorImpl.java:62)
at sun.reflect.DelegatingMethodAccessorImpl.invoke(DelegatingMethodAccessorImpl.java:43)
at java.lang.reflect.Method.invoke(Method.java:498)
at org.testng.internal.MethodInvocationHelper.invokeMethod(MethodInvocationHelper.java:124)
at org.testng.internal.Invoker.invokeMethod(Invoker.java:583)
at org.testng.internal.Invoker.invokeTestMethod(Invoker.java:719)
at org.testng.internal.Invoker.invokeTestMethods(Invoker.java:989)
at org.testng.internal.TestMethodWorker.invokeTestMethods(TestMethodWorker.java:125)
at org.testng.internal.TestMethodWorker.run(TestMethodWorker.java:109)
at org.testng.TestRunner.privateRun(TestRunner.java:648)
at org.testng.TestRunner.run(TestRunner.java:505)
at org.testng.SuiteRunner.runTest(SuiteRunner.java:455)
at org.testng.SuiteRunner.runSequentially(SuiteRunner.java:450)
at org.testng.SuiteRunner.privateRun(SuiteRunner.java:415)
at org.testng.SuiteRunner.run(SuiteRunner.java:364)
at org.testng.SuiteRunnerWorker.runSuite(SuiteRunnerWorker.java:52)
at org.testng.SuiteRunnerWorker.run(SuiteRunnerWorker.java:84)
at org.testng.TestNG.runSuitesSequentially(TestNG.java:1208)
at org.testng.TestNG.runSuitesLocally(TestNG.java:1137)
at org.testng.TestNG.runSuites(TestNG.java:1049)
at org.testng.TestNG.run(TestNG.java:1017)
at org.testng.remote.AbstractRemoteTestNG.run(AbstractRemoteTestNG.java:115)
at org.testng.remote.RemoteTestNG.initAndRun(RemoteTestNG.java:251)
at org.testng.remote.RemoteTestNG.main(RemoteTestNG.java:77)
]]>
            </full-stacktrace>
          </exception> <!-- org.openqa.selenium.NoSuchElementException -->
          <reporter-output>
            <line>
              <![CDATA[User Logged In successfully]]>
            </line>
            <line>
              <![CDATA[Navigate to Employee Page by clicking on Employee link]]>
            </line>
          </reporter-output>
        </test-method> <!-- employee_Delete_InDeleteEmployee -->
        <test-method status="PASS" signature="tearDown()[pri:0, instance:com.Msite.TestScripts.EmployeesPageTest@f6c48ac]" name="tearDown" is-config="true" duration-ms="758" started-at="2019-11-12T15:22:19Z" finished-at="2019-11-12T15:22:20Z">
          <reporter-output>
          </reporter-output>
        </test-method> <!-- tearDown -->
      </class> <!-- com.Msite.TestScripts.EmployeesPageTest -->
    </test> <!-- EmployeesPageTest -->
  </suite> <!-- MSite -->
</testng-results>
