<?xml version="1.0" encoding="UTF-8"?>
<!-- Generated by org.testng.reporters.JUnitXMLReporter -->
<testsuite hostname="DESKTOP-CS50U47" ignored="0" name="EmployeesTest" tests="22" failures="0" timestamp="30 Jul 2019 12:09:36 GMT" time="114.873" errors="0">
  <testcase name="employee_Open_AccessAndAttendenceException_InEmployeeStatusSummaryContainer" time="9.391" classname="com.Msite.TestScripts.EmployeesPageTest"/>
  <testcase name="employee_Open_AccreditationException_InEmployeeStatusSummaryContainer" time="6.437" classname="com.Msite.TestScripts.EmployeesPageTest"/>
  <testcase name="employee_Open_Emplyoee_InEmployeeStatusSummaryContainer" time="2.593" classname="com.Msite.TestScripts.EmployeesPageTest"/>
  <testcase name="employee_Open_IDCheckException_InEmployeeStatusSummaryContainer" time="2.982" classname="com.Msite.TestScripts.EmployeesPageTest"/>
  <testcase name="employee_Open_InductionBookingException_InEmployeeStatusSummaryContainer" time="2.68" classname="com.Msite.TestScripts.EmployeesPageTest"/>
  <testcase name="employee_Open_TrainingException_InEmployeeStatusSummaryContainer" time="2.95" classname="com.Msite.TestScripts.EmployeesPageTest"/>
  <testcase name="employees_BrowseEmployee_BioIdSearch" time="8.053" classname="com.Msite.TestScripts.EmployeesPageTest"/>
  <testcase name="employees_BrowseEmployee_ByNameSearch" time="7.797" classname="com.Msite.TestScripts.EmployeesPageTest"/>
  <testcase name="employees_BrowseEmployee_Colapses" time="2.194" classname="com.Msite.TestScripts.EmployeesPageTest"/>
  <testcase name="employees_BrowseEmployee_ContentCheck" time="1.481" classname="com.Msite.TestScripts.EmployeesPageTest"/>
  <testcase name="employees_BrowseEmployee_ContractorSearch" time="7.867" classname="com.Msite.TestScripts.EmployeesPageTest"/>
  <testcase name="employees_BrowseEmployee_FillAnyDetail_Relaod" time="7.724" classname="com.Msite.TestScripts.EmployeesPageTest"/>
  <testcase name="employees_BrowseEmployee_FirstNameSearch" time="7.485" classname="com.Msite.TestScripts.EmployeesPageTest"/>
  <testcase name="employees_BrowseEmployee_LastNameSearch" time="5.455" classname="com.Msite.TestScripts.EmployeesPageTest"/>
  <testcase name="employees_BrowseEmployee_WithoutAnyDetailSearch" time="6.919" classname="com.Msite.TestScripts.EmployeesPageTest"/>
  <testcase name="employees_OpenEmployees" time="1.092" classname="com.Msite.TestScripts.EmployeesPageTest"/>
  <testcase name="employees_Open_AddNewEmployee_And_VerifyAllElement" time="3.65" classname="com.Msite.TestScripts.EmployeesPageTest"/>
  <testcase name="employees_Open_AddNewEmployee_CancelInReloadDailog" time="5.651" classname="com.Msite.TestScripts.EmployeesPageTest"/>
  <testcase name="employees_Open_AddNewEmployee_Empty" time="3.161" classname="com.Msite.TestScripts.EmployeesPageTest"/>
  <testcase name="employees_Open_AddNewEmployee_ReloadInReloadDailog" time="7.073" classname="com.Msite.TestScripts.EmployeesPageTest"/>
  <testcase name="employees_Open_AddNewEmployee_SaveChangesButton" time="3.414" classname="com.Msite.TestScripts.EmployeesPageTest"/>
  <testcase name="employees_ReviewEmployee_And_VerifyEachAvailableElement" time="1.461" classname="com.Msite.TestScripts.EmployeesPageTest"/>
</testsuite> <!-- EmployeesTest -->
