<?xml version="1.0" encoding="UTF-8"?>
<!-- Generated by org.testng.reporters.JUnitXMLReporter -->
<testsuite hostname="DESKTOP-CS50U47" ignored="0" name="LoginTest" tests="70" failures="2" timestamp="30 Jul 2019 11:39:21 GMT" time="409.134" errors="0">
  <testcase name="InvalidUsernameAndInvalidPassword" time="2.249" classname="com.Msite.TestScripts.LoginPageTest"/>
  <testcase name="InvalidUsernameAndValidPassword" time="1.641" classname="com.Msite.TestScripts.LoginPageTest"/>
  <testcase name="emptyUsernameAndPassword" time="0.269" classname="com.Msite.TestScripts.LoginPageTest"/>
  <testcase name="successfullLoginTest" time="5.561" classname="com.Msite.TestScripts.LoginPageTest"/>
  <testcase name="validUsernameAndInvalidPassword" time="1.438" classname="com.Msite.TestScripts.LoginPageTest"/>
  <testcase name="dashboard_ChangeSite_HeadingsUpdate" time="6.543" classname="com.Msite.TestScripts.DashboardPageTest"/>
  <testcase name="dashboard_ContractorSearch_FindContractor" time="5.648" classname="com.Msite.TestScripts.DashboardPageTest"/>
  <testcase name="dashboard_ContractorSearch_SearchForEmployee_NoContractorFound" time="8.068" classname="com.Msite.TestScripts.DashboardPageTest"/>
  <testcase name="dashboard_EmployeeSearch_EmptySearch_NoResults" time="1.746" classname="com.Msite.TestScripts.DashboardPageTest"/>
  <testcase name="dashboard_EmployeeSearch_FindEmployees" time="8.254" classname="com.Msite.TestScripts.DashboardPageTest"/>
  <testcase name="dashboard_Heading_OnSite_Present" time="2.403" classname="com.Msite.TestScripts.DashboardPageTest"/>
  <testcase name="dashboard_Heading_OnSite_SelectionBox" time="3.124" classname="com.Msite.TestScripts.DashboardPageTest"/>
  <testcase name="dashboard_Heading_RightNowOnSite_Present" time="2.371" classname="com.Msite.TestScripts.DashboardPageTest"/>
  <testcase name="dashboard_Heading_TrainedOperatives_Present" time="2.842" classname="com.Msite.TestScripts.DashboardPageTest"/>
  <testcase name="dashboard_Heading_Transactions_Present" time="2.589" classname="com.Msite.TestScripts.DashboardPageTest"/>
  <testcase name="dashboard_Widget_Apprentices_Report" time="4.176" classname="com.Msite.TestScripts.DashboardPageTest"/>
  <testcase name="dashboard_Widget_FireMarshal_Present" time="2.635" classname="com.Msite.TestScripts.DashboardPageTest"/>
  <testcase name="dashboard_Widget_FireMarshal_Report" time="4.339" classname="com.Msite.TestScripts.DashboardPageTest"/>
  <testcase name="dashboard_Widget_FirstAid_Present" time="2.622" classname="com.Msite.TestScripts.DashboardPageTest"/>
  <testcase name="dashboard_Widget_FirstAid_Report" time="4.009" classname="com.Msite.TestScripts.DashboardPageTest"/>
  <testcase name="dashboard_Widget_Incidents_Report" time="4.063" classname="com.Msite.TestScripts.DashboardPageTest"/>
  <testcase name="dashboard_Widget_Inductions_Present" time="3.166" classname="com.Msite.TestScripts.DashboardPageTest"/>
  <testcase name="dashboard_Widget_LastestTransactions_Present" time="3.226" classname="com.Msite.TestScripts.DashboardPageTest"/>
  <testcase name="dashboard_Widget_LastestTransactions_Report" time="4.315" classname="com.Msite.TestScripts.DashboardPageTest"/>
  <testcase name="dashboard_Widget_Nationality_Present" time="2.672" classname="com.Msite.TestScripts.DashboardPageTest"/>
  <testcase name="dashboard_Widget_PeopleOnSite_Present" time="2.606" classname="com.Msite.TestScripts.DashboardPageTest"/>
  <testcase name="dashboard_Widget_PeopleOnSite_Report" time="4.38" classname="com.Msite.TestScripts.DashboardPageTest"/>
  <testcase name="dashboard_Widget_SMSTS_Present" time="2.736" classname="com.Msite.TestScripts.DashboardPageTest"/>
  <testcase name="dashboard_Widget_SMSTS_Report" time="4.238" classname="com.Msite.TestScripts.DashboardPageTest"/>
  <testcase name="dashboard_Widget_SSSTS_Present" time="2.768" classname="com.Msite.TestScripts.DashboardPageTest"/>
  <testcase name="dashboard_Widget_SSSTS_Report" time="4.336" classname="com.Msite.TestScripts.DashboardPageTest"/>
  <testcase name="dashboard_Widget_Top10ContractorsOnSite_Report" time="4.595" classname="com.Msite.TestScripts.DashboardPageTest"/>
  <testcase name="dashboard_Widget_Top10TradeOnSite_Present" time="2.865" classname="com.Msite.TestScripts.DashboardPageTest"/>
  <testcase name="dashboard_Widget_Top10TradeOnSite_Report" time="4.535" classname="com.Msite.TestScripts.DashboardPageTest"/>
  <testcase name="verifyDashboardTitle" time="2.576" classname="com.Msite.TestScripts.DashboardPageTest"/>
  <testcase name="contractorSearch_NoContractors_ForNameCombination" time="7.924" classname="com.Msite.TestScripts.ContractorsPageTest"/>
  <testcase name="contractor_Add_And_Verify_AddNewContractor_withValidData" time="13.239" classname="com.Msite.TestScripts.ContractorsPageTest"/>
  <testcase name="contractor_CancelInDelete_AddNewContractor" time="5.314" classname="com.Msite.TestScripts.ContractorsPageTest"/>
  <testcase name="contractor_ContractorSearch_FindContractor" time="3.312" classname="com.Msite.TestScripts.ContractorsPageTest"/>
  <testcase name="contractor_Delete_AddNewContractor_FromTheList" time="6.855" classname="com.Msite.TestScripts.ContractorsPageTest"/>
  <testcase name="contractor_Edit_ExistingContractor_FromTheList" time="25.285" classname="com.Msite.TestScripts.ContractorsPageTest"/>
  <testcase name="contractor_Open_And_Review_AddNewContractor" time="3.197" classname="com.Msite.TestScripts.ContractorsPageTest"/>
  <testcase name="contractor_Reload_Add_New_Contractor_And_Reload_WithDataInFields" time="12.097" classname="com.Msite.TestScripts.ContractorsPageTest"/>
  <testcase name="contractor_SortContractor_ByAdminEmail" time="17.7" classname="com.Msite.TestScripts.ContractorsPageTest"/>
  <testcase name="contractor_SortContractor_ByContractor" time="23.469" classname="com.Msite.TestScripts.ContractorsPageTest"/>
  <testcase name="contractor_open_And_Save_Add_New_Contractor_NoDataInFields" time="25.228" classname="com.Msite.TestScripts.ContractorsPageTest"/>
  <testcase name="openContractors" time="0.091" classname="com.Msite.TestScripts.ContractorsPageTest">
    <failure type="java.lang.AssertionError" message="expected [MSite - Contractors] but found [MSite - Add New Contractor]">
      <![CDATA[java.lang.AssertionError: expected [MSite - Contractors] but found [MSite - Add New Contractor]
at com.Msite.Pages.ContractorsPage.verifyContractorsTitle(ContractorsPage.java:113)
at com.Msite.TestScripts.ContractorsPageTest.openContractors(ContractorsPageTest.java:29)
... Removed 31 stack frames]]>
    </failure>
  </testcase> <!-- openContractors -->
  <testcase name="reviewContractorsAndVerifyEachAvailableElement" time="0.13" classname="com.Msite.TestScripts.ContractorsPageTest">
    <failure type="java.lang.AssertionError" message="Contractors Heading in Table is missing expected [true] but found [false]">
      <![CDATA[java.lang.AssertionError: Contractors Heading in Table is missing expected [true] but found [false]
at com.Msite.Pages.ContractorsPage.reviewContractorsAndVerifyAllElement(ContractorsPage.java:118)
at com.Msite.TestScripts.ContractorsPageTest.reviewContractorsAndVerifyEachAvailableElement(ContractorsPageTest.java:39)
... Removed 28 stack frames]]>
    </failure>
  </testcase> <!-- reviewContractorsAndVerifyEachAvailableElement -->
  <testcase name="employee_Open_AccessAndAttendenceException_InEmployeeStatusSummaryContainer" time="9.695" classname="com.Msite.TestScripts.EmployeesPageTest"/>
  <testcase name="employee_Open_AccreditationException_InEmployeeStatusSummaryContainer" time="6.493" classname="com.Msite.TestScripts.EmployeesPageTest"/>
  <testcase name="employee_Open_Emplyoee_InEmployeeStatusSummaryContainer" time="2.948" classname="com.Msite.TestScripts.EmployeesPageTest"/>
  <testcase name="employee_Open_IDCheckException_InEmployeeStatusSummaryContainer" time="2.983" classname="com.Msite.TestScripts.EmployeesPageTest"/>
  <testcase name="employee_Open_InductionBookingException_InEmployeeStatusSummaryContainer" time="3.029" classname="com.Msite.TestScripts.EmployeesPageTest"/>
  <testcase name="employee_Open_TrainingException_InEmployeeStatusSummaryContainer" time="3.001" classname="com.Msite.TestScripts.EmployeesPageTest"/>
  <testcase name="employees_BrowseEmployee_BioIdSearch" time="8.054" classname="com.Msite.TestScripts.EmployeesPageTest"/>
  <testcase name="employees_BrowseEmployee_ByNameSearch" time="8.272" classname="com.Msite.TestScripts.EmployeesPageTest"/>
  <testcase name="employees_BrowseEmployee_Colapses" time="2.453" classname="com.Msite.TestScripts.EmployeesPageTest"/>
  <testcase name="employees_BrowseEmployee_ContentCheck" time="1.474" classname="com.Msite.TestScripts.EmployeesPageTest"/>
  <testcase name="employees_BrowseEmployee_ContractorSearch" time="8.153" classname="com.Msite.TestScripts.EmployeesPageTest"/>
  <testcase name="employees_BrowseEmployee_FillAnyDetail_Relaod" time="8.305" classname="com.Msite.TestScripts.EmployeesPageTest"/>
  <testcase name="employees_BrowseEmployee_FirstNameSearch" time="8.096" classname="com.Msite.TestScripts.EmployeesPageTest"/>
  <testcase name="employees_BrowseEmployee_LastNameSearch" time="5.541" classname="com.Msite.TestScripts.EmployeesPageTest"/>
  <testcase name="employees_BrowseEmployee_WithoutAnyDetailSearch" time="6.909" classname="com.Msite.TestScripts.EmployeesPageTest"/>
  <testcase name="employees_OpenEmployees" time="1.171" classname="com.Msite.TestScripts.EmployeesPageTest"/>
  <testcase name="employees_Open_AddNewEmployee_And_VerifyAllElement" time="3.335" classname="com.Msite.TestScripts.EmployeesPageTest"/>
  <testcase name="employees_Open_AddNewEmployee_CancelInReloadDailog" time="5.663" classname="com.Msite.TestScripts.EmployeesPageTest"/>
  <testcase name="employees_Open_AddNewEmployee_Empty" time="3.103" classname="com.Msite.TestScripts.EmployeesPageTest"/>
  <testcase name="employees_Open_AddNewEmployee_ReloadInReloadDailog" time="6.972" classname="com.Msite.TestScripts.EmployeesPageTest"/>
  <testcase name="employees_Open_AddNewEmployee_SaveChangesButton" time="3.715" classname="com.Msite.TestScripts.EmployeesPageTest"/>
  <testcase name="employees_ReviewEmployee_And_VerifyEachAvailableElement" time="1.663" classname="com.Msite.TestScripts.EmployeesPageTest"/>
</testsuite> <!-- LoginTest -->
